#
# A fatal error has been detected by the Java Runtime Environment:
#
#  EXCEPTION_ACCESS_VIOLATION (0xc0000005) at pc=0x00007ffa28840eca, pid=26120, tid=24556
#
# JRE version: Java(TM) SE Runtime Environment (18.0.2.1+1) (build 18.0.2.1+1-1)
# Java VM: Java HotSpot(TM) 64-Bit Server VM (18.0.2.1+1-1, mixed mode, emulated-client, sharing, tiered, compressed oops, compressed class ptrs, g1 gc, windows-amd64)
# Problematic frame:
# V  [jvm.dll+0x760eca]
#
# No core dump will be written. Minidumps are not enabled by default on client versions of Windows
#
# If you would like to submit a bug report, please visit:
#   https://bugreport.java.com/bugreport/crash.jsp
#

---------------  S U M M A R Y ------------

Command Line: -agentlib:jdwp=transport=dt_socket,suspend=y,address=localhost:49615 -Dcom.sun.management.jmxremote -Dcom.sun.management.jmxremote.port=49613 -Dcom.sun.management.jmxremote.authenticate=false -Dcom.sun.management.jmxremote.ssl=false -Djava.rmi.server.hostname=localhost -Dspring.jmx.enabled=true -Dspring.liveBeansView.mbeanDomain -Dspring.application.admin.enabled=true -Xverify:none -XX:TieredStopAtLevel=1 -Dfile.encoding=UTF-8 br.com.vinculos.VinculosMsApplication --spring.output.ansi.enabled=always

Host: Intel(R) Core(TM) i5-10210U CPU @ 1.60GHz, 8 cores, 15G,  Windows 10 , 64 bit Build 19041 (10.0.19041.5072)
Time: Tue Dec 10 12:17:52 2024 Hora oficial do Brasil elapsed time: 1325.717352 seconds (0d 0h 22m 5s)

---------------  T H R E A D  ---------------

Current thread (0x000002092e530b00):  JavaThread "JDWP Transport Listener: dt_socket" daemon [_thread_in_vm, id=24556, stack(0x000000e3e2000000,0x000000e3e2100000)]

Stack: [0x000000e3e2000000,0x000000e3e2100000],  sp=0x000000e3e20ff4a0,  free space=1021k
Native frames: (J=compiled Java code, j=interpreted, Vv=VM code, C=native code)
V  [jvm.dll+0x760eca]
V  [jvm.dll+0x52c54c]
V  [jvm.dll+0x4f3d5b]
C  [jdwp.dll+0x230a7]


siginfo: EXCEPTION_ACCESS_VIOLATION (0xc0000005), reading address 0x00000000011a001a


Register to memory mapping:

RIP=0x00007ffa28840eca jvm.dll
RAX=0x000000000000011b is an unknown value
RBX=0x000002092a2974ad points into unknown readable memory: 70 3b 29
RCX=0x00000000011a0016 is an unknown value
RDX=0x000002093105f7d0 points into unknown readable memory: 0x2f6d6f632f72624c | 4c 62 72 2f 63 6f 6d 2f
RSP=0x000000e3e20ff4a0 is pointing into the stack for thread: 0x000002092e530b00
RBP=0x000002092e52a230 points into unknown readable memory: 0x0000000000000002 | 02 00 00 00 00 00 00 00
RSI=0x0 is NULL
RDI=0xffffffffffffffff is an unknown value
R8 =0x0000000000000208 is an unknown value
R9 =0x0000000000000040 is an unknown value
R10=0x0000000000000200 is an unknown value
R11=0x000000e3e20ff4c0 is pointing into the stack for thread: 0x000002092e530b00
R12=0x000000e3e20ff5f8 is pointing into the stack for thread: 0x000002092e530b00
R13=0x0 is NULL
R14=0x0000000800ebf108 is a pointer to class: 
br.com.vinculos.consumer.service.impl.VinculoResidenciaConsumerServiceImpl {0x0000000800ebf110}
 - instance size:     3
 - klass size:        68
 - access:            public synchronized 
 - state:             fully_initialized
 - name:              'br/com/vinculos/consumer/service/impl/VinculoResidenciaConsumerServiceImpl'
 - super:             'java/lang/Object'
 - sub:               'br/com/vinculos/consumer/service/impl/VinculoResidenciaConsumerServiceImpl$$EnhancerBySpringCGLIB$$fbfd2d07'   
 - arrays:            NULL
 - methods:           Array<T>(0x000002092debee50)
 - method ordering:   Array<T>(0x000002092debf508)
 - default_methods:   Array<T>(0x0000000000000000)
 - local interfaces:  Array<T>(0x000002092b49a580)
 - trans. interfaces: Array<T>(0x000002092b49a580)
 - constants:         constant pool [290] {0x000002092dec1260} for 'br/com/vinculos/consumer/service/impl/VinculoResidenciaConsumerServiceImpl' cache=0x000002092dec1ca8
 - class loader data:  loader data: 0x000002092a2ea970 for instance a 'jdk/internal/loader/ClassLoaders$AppClassLoader'{0x00000007060f2598}
 - source file:       'VinculoResidenciaConsumerServiceImpl.java'
 - class annotations:       Array<T>(0x000002092debf4b8)
 - class type annotations:  Array<T>(0x0000000000000000)
 - field annotations:       Array<T>(0x000002092debedd0)
 - field type annotations:  Array<T>(0x0000000000000000)
 - generic signature: '
[error occurred during error reporting (printing register info), id 0xc0000005, EXCEPTION_ACCESS_VIOLATION (0xc0000005) at pc=0x00007ffa28841ad6]

Registers:
RAX=0x000000000000011b, RBX=0x000002092a2974ad, RCX=0x00000000011a0016, RDX=0x000002093105f7d0
RSP=0x000000e3e20ff4a0, RBP=0x000002092e52a230, RSI=0x0000000000000000, RDI=0xffffffffffffffff
R8 =0x0000000000000208, R9 =0x0000000000000040, R10=0x0000000000000200, R11=0x000000e3e20ff4c0
R12=0x000000e3e20ff5f8, R13=0x0000000000000000, R14=0x0000000800ebf108, R15=0x000000e3e20ff648
RIP=0x00007ffa28840eca, EFLAGS=0x0000000000010206

Top of Stack: (sp=0x000000e3e20ff4a0)
0x000000e3e20ff4a0:   000000000000004a 0000000800ebf108
0x000000e3e20ff4b0:   000002092e530b00 0000000000000000
0x000000e3e20ff4c0:   ffffffffffffffff 00007ffa2860c54c
0x000000e3e20ff4d0:   000002092a2974ad 000002092e52a230
0x000000e3e20ff4e0:   0000000000000000 000002092e530d90
0x000000e3e20ff4f0:   000002092a297400 00000000000003d8
0x000000e3e20ff500:   000002092a297410 000002092a2977e8
0x000000e3e20ff510:   0000000000000002 000000e3e20ff5f8
0x000000e3e20ff520:   0000000000000000 0000000000000000
0x000000e3e20ff530:   0000000706b10720 00007ffa285d3d5b
0x000000e3e20ff540:   000002092e530b00 000000e3e20ff648
0x000000e3e20ff550:   000002091192daf0 000000e3e20ff648
0x000000e3e20ff560:   000002092e530b00 0000000000000000
0x000000e3e20ff570:   0000020900000000 0000000000000000
0x000000e3e20ff580:   000000000000000d 00007ffa76ed30a7
0x000000e3e20ff590:   000000e3e20ff640 00007ffa76ee1718 

Instructions: (pc=0x00007ffa28840eca)
0x00007ffa28840dca:   48 8b f8 48 85 db 74 08 48 8b cb e8 16 ad f0 ff
0x00007ffa28840dda:   48 8b 5c 24 30 48 8b c7 48 83 c4 20 5f c3 8d 42
0x00007ffa28840dea:   06 83 ff 02 b9 08 00 00 00 0f 4e c1 45 33 c0 48
0x00007ffa28840dfa:   63 c8 48 83 c1 07 83 e1 f8 48 63 c9 41 8d 50 0b
0x00007ffa28840e0a:   48 83 c4 20 5f e9 1c 23 95 ff cc cc cc cc cc cc
0x00007ffa28840e1a:   cc cc cc cc cc cc 83 fa 02 8d 42 06 b9 08 00 00
0x00007ffa28840e2a:   00 4d 8b c8 0f 4e c1 48 63 c8 49 8b 40 18 48 83
0x00007ffa28840e3a:   c1 07 83 e1 f8 48 63 d1 49 8b 48 20 48 2b c8 48
0x00007ffa28840e4a:   3b ca 72 09 48 8d 0c 10 49 89 48 18 c3 45 33 c0
0x00007ffa28840e5a:   49 8b c9 e9 fe 80 95 ff cc cc cc cc cc cc cc cc
0x00007ffa28840e6a:   cc cc cc cc cc cc 4c 8b d2 4c 8b d9 45 85 c0 7e
0x00007ffa28840e7a:   3c 44 0f b7 49 04 41 8d 40 ff 41 3b c1 44 0f 4c
0x00007ffa28840e8a:   c8 4d 63 c1 45 85 c9 7e 1f 48 8b c2 4c 2b da 49
0x00007ffa28840e9a:   8b d0 0f 1f 40 00 41 0f b6 4c 03 06 88 08 48 8d
0x00007ffa28840eaa:   40 01 48 83 ea 01 75 ee 43 c6 04 10 00 49 8b c2
0x00007ffa28840eba:   c3 cc cc cc cc cc 48 89 5c 24 08 57 48 83 ec 20
0x00007ffa28840eca:   0f b7 59 04 48 8b f9 33 d2 48 8d 4b 01 e8 14 d4
0x00007ffa28840eda:   f8 ff 0f b7 57 04 4c 8b c0 3b da 0f 42 d3 44 8b
0x00007ffa28840eea:   ca 85 d2 74 39 48 2b f8 0f 1f 40 00 66 66 0f 1f
0x00007ffa28840efa:   84 00 00 00 00 00 0f b6 4c 07 06 88 08 48 ff c0
0x00007ffa28840f0a:   48 8b c8 49 2b c8 49 3b c9 7c eb 42 c6 04 02 00
0x00007ffa28840f1a:   49 8b c0 48 8b 5c 24 30 48 83 c4 20 5f c3 48 8b
0x00007ffa28840f2a:   5c 24 30 c6 04 02 00 48 83 c4 20 5f c3 cc cc cc
0x00007ffa28840f3a:   cc cc cc cc cc cc 4c 8b d1 45 85 c0 7e 6c 44 0f
0x00007ffa28840f4a:   b7 49 04 41 8d 40 ff 41 3b c1 44 0f 4c c8 4d 63
0x00007ffa28840f5a:   d9 45 85 c9 7e 22 48 8b ca 4c 2b d2 4d 8b c3 0f
0x00007ffa28840f6a:   1f 80 00 00 00 00 41 0f b6 44 0a 06 88 01 48 8d
0x00007ffa28840f7a:   49 01 49 83 e8 01 75 ee 41 c6 04 13 00 48 c7 c0
0x00007ffa28840f8a:   ff ff ff ff 66 90 48 ff c0 80 3c 02 00 75 f7 48
0x00007ffa28840f9a:   63 c8 85 c0 48 8b c2 7e 14 80 38 2f 75 03 c6 00
0x00007ffa28840faa:   2e 48 ff c0 48 83 e9 01 75 ef 48 8b c2 c3 cc cc
0x00007ffa28840fba:   cc cc cc cc cc cc 48 83 ec 28 e8 f7 fe ff ff 4c 


Stack slot to memory mapping:
stack at sp + 0 slots: 0x000000000000004a is an unknown value
stack at sp + 1 slots: 0x0000000800ebf108 is a pointer to class: 
br.com.vinculos.consumer.service.impl.VinculoResidenciaConsumerServiceImpl {0x0000000800ebf110}
 - instance size:     3
 - klass size:        68
 - access:            public synchronized 
 - state:             fully_initialized
 - name:              'br/com/vinculos/consumer/service/impl/VinculoResidenciaConsumerServiceImpl'
 - super:             'java/lang/Object'
 - sub:               'br/com/vinculos/consumer/service/impl/VinculoResidenciaConsumerServiceImpl$$EnhancerBySpringCGLIB$$fbfd2d07'   
 - arrays:            NULL
 - methods:           Array<T>(0x000002092debee50)
 - method ordering:   Array<T>(0x000002092debf508)
 - default_methods:   Array<T>(0x0000000000000000)
 - local interfaces:  Array<T>(0x000002092b49a580)
 - trans. interfaces: Array<T>(0x000002092b49a580)
 - constants:         constant pool [290] {0x000002092dec1260} for 'br/com/vinculos/consumer/service/impl/VinculoResidenciaConsumerServiceImpl' cache=0x000002092dec1ca8
 - class loader data:  loader data: 0x000002092a2ea970 for instance a 'jdk/internal/loader/ClassLoaders$AppClassLoader'{0x00000007060f2598}
 - source file:       'VinculoResidenciaConsumerServiceImpl.java'
 - class annotations:       Array<T>(0x000002092debf4b8)
 - class type annotations:  Array<T>(0x0000000000000000)
 - field annotations:       Array<T>(0x000002092debedd0)
 - field type annotations:  Array<T>(0x0000000000000000)
 - generic signature: '
[error occurred during error reporting (inspecting top of stack), id 0xc0000005, EXCEPTION_ACCESS_VIOLATION (0xc0000005) at pc=0x00007ffa28841ad6]


---------------  P R O C E S S  ---------------

Threads class SMR info:
_java_thread_list=0x0000020931248da0, length=37, elements={
0x000002092a25e7d0, 0x000002092a25f480, 0x000002092a277ae0, 0x000002092a2793a0,
0x000002092a279c50, 0x000002092a27c510, 0x000002092a27cdc0, 0x000002092a27f6c0,
0x000002092a24b2f0, 0x000002092e530b00, 0x000002092e531990, 0x000002092e534070,
0x000002092e539bc0, 0x000002092ef63330, 0x000002092ef6f310, 0x000002092f057140,
0x0000020930377030, 0x000002093026c840, 0x000002092ff20b70, 0x00000209303c3070,
0x00000209303c4880, 0x00000209303c43b0, 0x00000209303c5220, 0x00000209303c6090,
0x00000209303c4d50, 0x00000209303c3a10, 0x00000209303c5bc0, 0x00000209303c6560,
0x00000209303c6a30, 0x000002093148cf00, 0x0000020931489a10, 0x000002093148c090,
0x00000209314903f0, 0x0000020931489540, 0x00000209314908c0, 0x000002093148ff20,
0x000002093148b6f0
}

Java Threads: ( => current thread )
  0x000002092a25e7d0 JavaThread "Reference Handler" daemon [_thread_blocked, id=24268, stack(0x000000e3e1400000,0x000000e3e1500000)]
  0x000002092a25f480 JavaThread "Finalizer" daemon [_thread_blocked, id=7872, stack(0x000000e3e1500000,0x000000e3e1600000)]
  0x000002092a277ae0 JavaThread "Signal Dispatcher" daemon [_thread_blocked, id=14000, stack(0x000000e3e1600000,0x000000e3e1700000)]
  0x000002092a2793a0 JavaThread "Attach Listener" daemon [_thread_blocked, id=12284, stack(0x000000e3e1700000,0x000000e3e1800000)]
  0x000002092a279c50 JavaThread "Service Thread" daemon [_thread_blocked, id=3288, stack(0x000000e3e1800000,0x000000e3e1900000)]
  0x000002092a27c510 JavaThread "Monitor Deflation Thread" daemon [_thread_blocked, id=13120, stack(0x000000e3e1900000,0x000000e3e1a00000)]
  0x000002092a27cdc0 JavaThread "C1 CompilerThread0" daemon [_thread_blocked, id=21896, stack(0x000000e3e1a00000,0x000000e3e1b00000)]
  0x000002092a27f6c0 JavaThread "Sweeper thread" daemon [_thread_blocked, id=23276, stack(0x000000e3e1b00000,0x000000e3e1c00000)]
  0x000002092a24b2f0 JavaThread "Common-Cleaner" daemon [_thread_blocked, id=17832, stack(0x000000e3e1c00000,0x000000e3e1d00000)]
=>0x000002092e530b00 JavaThread "JDWP Transport Listener: dt_socket" daemon [_thread_in_vm, id=24556, stack(0x000000e3e2000000,0x000000e3e2100000)]
  0x000002092e531990 JavaThread "JDWP Event Helper Thread" daemon [_thread_blocked, id=7540, stack(0x000000e3e2100000,0x000000e3e2200000)]
  0x000002092e534070 JavaThread "JDWP Command Reader" daemon [_thread_in_native, id=23272, stack(0x000000e3e2200000,0x000000e3e2300000)]
  0x000002092e539bc0 JavaThread "Notification Thread" daemon [_thread_blocked, id=320, stack(0x000000e3e2300000,0x000000e3e2400000)]
  0x000002092ef63330 JavaThread "RMI TCP Accept-0" daemon [_thread_in_native, id=14956, stack(0x000000e3e2400000,0x000000e3e2500000)]
  0x000002092ef6f310 JavaThread "RMI TCP Accept-49613" daemon [_thread_in_native, id=25976, stack(0x000000e3e2500000,0x000000e3e2600000)]
  0x000002092f057140 JavaThread "RMI TCP Accept-0" daemon [_thread_in_native, id=20456, stack(0x000000e3e2600000,0x000000e3e2700000)]
  0x0000020930377030 JavaThread "Catalina-utility-1" [_thread_blocked, id=23904, stack(0x000000e3e3200000,0x000000e3e3300000)]
  0x000002093026c840 JavaThread "Catalina-utility-2" [_thread_blocked, id=25712, stack(0x000000e3e3300000,0x000000e3e3400000)]
  0x000002092ff20b70 JavaThread "container-0" [_thread_blocked, id=1816, stack(0x000000e3e3400000,0x000000e3e3500000)]
  0x00000209303c3070 JavaThread "mysql-cj-abandoned-connection-cleanup" daemon [_thread_blocked, id=18660, stack(0x000000e3e3500000,0x000000e3e3600000)]
  0x00000209303c4880 JavaThread "HikariPool-1 housekeeper" daemon [_thread_blocked, id=21612, stack(0x000000e3e3700000,0x000000e3e3800000)]
  0x00000209303c43b0 JavaThread "ThreadPoolTaskScheduler-1" [_thread_blocked, id=4452, stack(0x000000e3e3900000,0x000000e3e3a00000)]
  0x00000209303c5220 JavaThread "org.springframework.kafka.KafkaListenerEndpointContainer#0-0-C-1" [_thread_blocked, id=18688, stack(0x000000e3e3a00000,0x000000e3e3b00000)]
  0x00000209303c6090 JavaThread "http-nio-8085-exec-1" daemon [_thread_blocked, id=9260, stack(0x000000e3e3b00000,0x000000e3e3c00000)]
  0x00000209303c4d50 JavaThread "http-nio-8085-exec-2" daemon [_thread_blocked, id=17964, stack(0x000000e3e3c00000,0x000000e3e3d00000)]
  0x00000209303c3a10 JavaThread "http-nio-8085-exec-3" daemon [_thread_blocked, id=20960, stack(0x000000e3e3d00000,0x000000e3e3e00000)]
  0x00000209303c5bc0 JavaThread "http-nio-8085-exec-4" daemon [_thread_blocked, id=24332, stack(0x000000e3e3e00000,0x000000e3e3f00000)]
  0x00000209303c6560 JavaThread "http-nio-8085-exec-5" daemon [_thread_blocked, id=3172, stack(0x000000e3e3f00000,0x000000e3e4000000)]
  0x00000209303c6a30 JavaThread "http-nio-8085-exec-6" daemon [_thread_blocked, id=21496, stack(0x000000e3e4000000,0x000000e3e4100000)]
  0x000002093148cf00 JavaThread "http-nio-8085-exec-7" daemon [_thread_blocked, id=25740, stack(0x000000e3e4100000,0x000000e3e4200000)]
  0x0000020931489a10 JavaThread "http-nio-8085-exec-8" daemon [_thread_blocked, id=20472, stack(0x000000e3e4200000,0x000000e3e4300000)]
  0x000002093148c090 JavaThread "http-nio-8085-exec-9" daemon [_thread_blocked, id=5420, stack(0x000000e3e4300000,0x000000e3e4400000)]
  0x00000209314903f0 JavaThread "http-nio-8085-exec-10" daemon [_thread_blocked, id=16820, stack(0x000000e3e4400000,0x000000e3e4500000)]
  0x0000020931489540 JavaThread "http-nio-8085-Poller" daemon [_thread_in_native, id=15756, stack(0x000000e3e4500000,0x000000e3e4600000)]
  0x00000209314908c0 JavaThread "http-nio-8085-Acceptor" daemon [_thread_in_native, id=18992, stack(0x000000e3e4600000,0x000000e3e4700000)]
  0x000002093148ff20 JavaThread "kafka-coordinator-heartbeat-thread | group_sgc" daemon [_thread_blocked, id=23856, stack(0x000000e3e4700000,0x000000e3e4800000)]
  0x000002093148b6f0 JavaThread "DestroyJavaVM" [_thread_blocked, id=25680, stack(0x000000e3e0d00000,0x000000e3e0e00000)]

Other Threads:
  0x00000209119daf20 VMThread "VM Thread" [stack: 0x000000e3e1300000,0x000000e3e1400000] [id=16736]
  0x000002092f058e30 WatcherThread "VM Periodic Task Thread" [stack: 0x000000e3e2700000,0x000000e3e2800000] [id=26552]
  0x00000209119b0c60 WorkerThread "GC Thread#0" [stack: 0x000000e3e0e00000,0x000000e3e0f00000] [id=23672]
  0x000002092f10f200 WorkerThread "GC Thread#1" [stack: 0x000000e3e2800000,0x000000e3e2900000] [id=9848]
  0x000002092f10cb50 WorkerThread "GC Thread#2" [stack: 0x000000e3e2900000,0x000000e3e2a00000] [id=3608]
  0x000002092f10cdf0 WorkerThread "GC Thread#3" [stack: 0x000000e3e2a00000,0x000000e3e2b00000] [id=24400]
  0x000002092f10d090 WorkerThread "GC Thread#4" [stack: 0x000000e3e2b00000,0x000000e3e2c00000] [id=20160]
  0x000002092f122f10 WorkerThread "GC Thread#5" [stack: 0x000000e3e2c00000,0x000000e3e2d00000] [id=25400]
  0x000002092f1923f0 WorkerThread "GC Thread#6" [stack: 0x000000e3e2d00000,0x000000e3e2e00000] [id=23972]
  0x000002092f192690 WorkerThread "GC Thread#7" [stack: 0x000000e3e2e00000,0x000000e3e2f00000] [id=18196]
  0x00000209119c14e0 ConcurrentGCThread "G1 Main Marker" [stack: 0x000000e3e0f00000,0x000000e3e1000000] [id=10972]
  0x00000209119c2580 WorkerThread "G1 Conc#0" [stack: 0x000000e3e1000000,0x000000e3e1100000] [id=26336]
  0x000002092fdffac0 WorkerThread "G1 Conc#1" [stack: 0x000000e3e3100000,0x000000e3e3200000] [id=23768]
  0x000002092a113180 ConcurrentGCThread "G1 Refine#0" [stack: 0x000000e3e1100000,0x000000e3e1200000] [id=21552]
  0x000002092f148020 ConcurrentGCThread "G1 Refine#1" [stack: 0x000000e3e2f00000,0x000000e3e3000000] [id=8984]
  0x000002092f174170 ConcurrentGCThread "G1 Refine#2" [stack: 0x000000e3e3000000,0x000000e3e3100000] [id=21080]
  0x000002092a1139a0 ConcurrentGCThread "G1 Service" [stack: 0x000000e3e1200000,0x000000e3e1300000] [id=24248]

Threads with active compile tasks:

VM state: not at safepoint (normal execution)

VM Mutex/Monitor currently owned by a thread: None

Heap address: 0x0000000705c00000, size: 4004 MB, Compressed Oops mode: Zero based, Oop shift amount: 3

CDS archive(s) mapped at: [0x0000000800000000-0x0000000800ba0000-0x0000000800ba0000), size 12189696, SharedBaseAddress: 0x0000000800000000, ArchiveRelocationMode: 0.
Compressed class space mapped at: 0x0000000800c00000-0x0000000840c00000, reserved size: 1073741824
Narrow klass base: 0x0000000800000000, Narrow klass shift: 0, Narrow klass range: 0x100000000

GC Precious Log:
 CardTable entry size: 512
 Card Set container configuration: InlinePtr #cards 4 size 8 Array Of Cards #cards 16 size 48 Howl #buckets 8 coarsen threshold 3686 Howl Bitmap #cards 512 size 80 coarsen threshold 460 Card regions per heap region 1 cards per card region 4096
 CPUs: 8 total, 8 available
 Memory: 16012M
 Large Page Support: Disabled
 NUMA Support: Disabled
 Compressed Oops: Enabled (Zero based)
 Heap Region Size: 2M
 Heap Min Capacity: 8M
 Heap Initial Capacity: 252M
 Heap Max Capacity: 4004M
 Pre-touch: Disabled
 Parallel Workers: 8
 Concurrent Workers: 2
 Concurrent Refinement Workers: 8
 Periodic GC: Disabled

Heap:
 garbage-first heap   total 90112K, used 40228K [0x0000000705c00000, 0x0000000800000000)
  region size 2048K, 4 young (8192K), 2 survivors (4096K)
 Metaspace       used 69017K, committed 69632K, reserved 1114112K
  class space    used 9160K, committed 9472K, reserved 1048576K

Heap Regions: E=young(eden), S=young(survivor), O=old, HS=humongous(starts), HC=humongous(continues), CS=collection set, F=free, OA=open archive, CA=closed archive, TAMS=top-at-mark-start (previous, next)
|   0|0x0000000705c00000, 0x0000000705e00000, 0x0000000705e00000|100%| O|  |TAMS 0x0000000705e00000, 0x0000000705c00000| Untracked 
|   1|0x0000000705e00000, 0x0000000706000000, 0x0000000706000000|100%| O|  |TAMS 0x0000000706000000, 0x0000000705e00000| Untracked 
|   2|0x0000000706000000, 0x0000000706200000, 0x0000000706200000|100%| O|  |TAMS 0x0000000706200000, 0x0000000706000000| Untracked 
|   3|0x0000000706200000, 0x0000000706400000, 0x0000000706400000|100%| O|  |TAMS 0x0000000706400000, 0x0000000706200000| Untracked 
|   4|0x0000000706400000, 0x0000000706600000, 0x0000000706600000|100%| O|  |TAMS 0x0000000706600000, 0x0000000706400000| Untracked 
|   5|0x0000000706600000, 0x0000000706800000, 0x0000000706800000|100%| O|  |TAMS 0x0000000706800000, 0x0000000706600000| Untracked 
|   6|0x0000000706800000, 0x0000000706a00000, 0x0000000706a00000|100%| O|  |TAMS 0x0000000706a00000, 0x0000000706800000| Untracked 
|   7|0x0000000706a00000, 0x0000000706c00000, 0x0000000706c00000|100%| O|  |TAMS 0x0000000706c00000, 0x0000000706a00000| Untracked 
|   8|0x0000000706c00000, 0x0000000706e00000, 0x0000000706e00000|100%| O|  |TAMS 0x0000000706e00000, 0x0000000706c00000| Untracked 
|   9|0x0000000706e00000, 0x0000000707000000, 0x0000000707000000|100%| O|  |TAMS 0x0000000707000000, 0x0000000706e00000| Untracked 
|  10|0x0000000707000000, 0x0000000707200000, 0x0000000707200000|100%| O|  |TAMS 0x0000000707200000, 0x0000000707000000| Untracked 
|  11|0x0000000707200000, 0x0000000707400000, 0x0000000707400000|100%| O|  |TAMS 0x0000000707400000, 0x0000000707200000| Untracked 
|  12|0x0000000707400000, 0x0000000707600000, 0x0000000707600000|100%| O|  |TAMS 0x0000000707600000, 0x0000000707400000| Untracked 
|  13|0x0000000707600000, 0x0000000707800000, 0x0000000707800000|100%| O|  |TAMS 0x0000000707800000, 0x0000000707600000| Untracked 
|  14|0x0000000707800000, 0x0000000707a00000, 0x0000000707a00000|100%| O|  |TAMS 0x0000000707a00000, 0x0000000707800000| Untracked 
|  15|0x0000000707a00000, 0x0000000707c00000, 0x0000000707c00000|100%| O|  |TAMS 0x0000000707ac6200, 0x0000000707a00000| Untracked 
|  16|0x0000000707c00000, 0x0000000707e00000, 0x0000000707e00000|100%| O|  |TAMS 0x0000000707c00000, 0x0000000707c00000| Untracked 
|  17|0x0000000707e00000, 0x0000000707ed0600, 0x0000000708000000| 40%| O|  |TAMS 0x0000000707e00000, 0x0000000707e00000| Untracked 
|  18|0x0000000708000000, 0x0000000708000000, 0x0000000708200000|  0%| F|  |TAMS 0x0000000708000000, 0x0000000708000000| Untracked 
|  19|0x0000000708200000, 0x0000000708200000, 0x0000000708400000|  0%| F|  |TAMS 0x0000000708200000, 0x0000000708200000| Untracked 
|  20|0x0000000708400000, 0x0000000708400000, 0x0000000708600000|  0%| F|  |TAMS 0x0000000708400000, 0x0000000708400000| Untracked 
|  21|0x0000000708600000, 0x0000000708600000, 0x0000000708800000|  0%| F|  |TAMS 0x0000000708600000, 0x0000000708600000| Untracked 
|  22|0x0000000708800000, 0x0000000708800000, 0x0000000708a00000|  0%| F|  |TAMS 0x0000000708800000, 0x0000000708800000| Untracked 
|  23|0x0000000708a00000, 0x0000000708a00000, 0x0000000708c00000|  0%| F|  |TAMS 0x0000000708a00000, 0x0000000708a00000| Untracked 
|  24|0x0000000708c00000, 0x0000000708c78ac8, 0x0000000708e00000| 23%| S|CS|TAMS 0x0000000708c00000, 0x0000000708c00000| Complete 
|  25|0x0000000708e00000, 0x0000000708e00000, 0x0000000709000000|  0%| F|  |TAMS 0x0000000708e00000, 0x0000000708e00000| Untracked 
|  26|0x0000000709000000, 0x0000000709200000, 0x0000000709200000|100%| S|CS|TAMS 0x0000000709000000, 0x0000000709000000| Complete 
|  27|0x0000000709200000, 0x0000000709200000, 0x0000000709400000|  0%| F|  |TAMS 0x0000000709200000, 0x0000000709200000| Untracked 
|  28|0x0000000709400000, 0x0000000709400000, 0x0000000709600000|  0%| F|  |TAMS 0x0000000709400000, 0x0000000709400000| Untracked 
|  29|0x0000000709600000, 0x0000000709600000, 0x0000000709800000|  0%| F|  |TAMS 0x0000000709600000, 0x0000000709600000| Untracked 
|  30|0x0000000709800000, 0x0000000709800000, 0x0000000709a00000|  0%| F|  |TAMS 0x0000000709800000, 0x0000000709800000| Untracked 
|  31|0x0000000709a00000, 0x0000000709a00000, 0x0000000709c00000|  0%| F|  |TAMS 0x0000000709a00000, 0x0000000709a00000| Untracked 
|  32|0x0000000709c00000, 0x0000000709c00000, 0x0000000709e00000|  0%| F|  |TAMS 0x0000000709c00000, 0x0000000709c00000| Untracked 
|  33|0x0000000709e00000, 0x0000000709e00000, 0x000000070a000000|  0%| F|  |TAMS 0x0000000709e00000, 0x0000000709e00000| Untracked 
|  34|0x000000070a000000, 0x000000070a000000, 0x000000070a200000|  0%| F|  |TAMS 0x000000070a000000, 0x000000070a000000| Untracked 
|  35|0x000000070a200000, 0x000000070a200000, 0x000000070a400000|  0%| F|  |TAMS 0x000000070a200000, 0x000000070a200000| Untracked 
|  36|0x000000070a400000, 0x000000070a400000, 0x000000070a600000|  0%| F|  |TAMS 0x000000070a400000, 0x000000070a400000| Untracked 
|  37|0x000000070a600000, 0x000000070a600000, 0x000000070a800000|  0%| F|  |TAMS 0x000000070a600000, 0x000000070a600000| Untracked 
|  38|0x000000070a800000, 0x000000070a800000, 0x000000070aa00000|  0%| F|  |TAMS 0x000000070a800000, 0x000000070a800000| Untracked 
|  39|0x000000070aa00000, 0x000000070aa00000, 0x000000070ac00000|  0%| F|  |TAMS 0x000000070aa00000, 0x000000070aa00000| Untracked 
|  40|0x000000070ac00000, 0x000000070ac00000, 0x000000070ae00000|  0%| F|  |TAMS 0x000000070ac00000, 0x000000070ac00000| Untracked 
|  78|0x000000070f800000, 0x000000070f800000, 0x000000070fa00000|  0%| F|  |TAMS 0x000000070f800000, 0x000000070f800000| Untracked 
|  79|0x000000070fa00000, 0x000000070fbbcc30, 0x000000070fc00000| 86%| E|  |TAMS 0x000000070fa00000, 0x000000070fa00000| Complete 
| 125|0x0000000715600000, 0x0000000715800000, 0x0000000715800000|100%| E|CS|TAMS 0x0000000715600000, 0x0000000715600000| Complete 

Card table byte_map: [0x000002091eb00000,0x000002091f2e0000] _byte_map_base: 0x000002091b2d2000

Marking Bits (Prev, Next): (CMBitMap*) 0x00000209119b11b0, (CMBitMap*) 0x00000209119b1170
 Prev Bits: [0x0000020923950000, 0x00000209277e0000)
 Next Bits: [0x000002091fac0000, 0x0000020923950000)

Polling page: 0x00000209119f0000

Metaspace:

Usage:
  Non-class:     58.45 MB used.
      Class:      8.95 MB used.
       Both:     67.40 MB used.

Virtual space:
  Non-class space:       64.00 MB reserved,      58.75 MB ( 92%) committed,  1 nodes.
      Class space:        1.00 GB reserved,       9.25 MB ( <1%) committed,  1 nodes.
             Both:        1.06 GB reserved,      68.00 MB (  6%) committed. 

Chunk freelists:
   Non-Class:  1.12 MB
       Class:  2.67 MB
        Both:  3.80 MB

MaxMetaspaceSize: unlimited
CompressedClassSpaceSize: 1.00 GB
Initial GC threshold: 21.00 MB
Current GC threshold: 100.56 MB
CDS: on
MetaspaceReclaimPolicy: balanced
 - commit_granule_bytes: 65536.
 - commit_granule_words: 8192.
 - virtual_space_node_default_size: 8388608.
 - enlarge_chunks_in_place: 1.
 - new_chunks_are_fully_committed: 0.
 - uncommit_free_chunks: 1.
 - use_allocation_guard: 0.


Internal statistics:

num_allocs_failed_limit: 18.
num_arena_births: 824.
num_arena_deaths: 0.
num_vsnodes_births: 2.
num_vsnodes_deaths: 0.
num_space_committed: 1088.
num_space_uncommitted: 0.
num_chunks_returned_to_freelist: 18.
num_chunks_taken_from_freelist: 3187.
num_chunk_merges: 15.
num_chunk_splits: 2374.
num_chunks_enlarged: 1966.
num_inconsistent_stats: 0.

CodeCache: size=49152Kb used=13879Kb max_used=15515Kb free=35272Kb
 bounds [0x000002091aa40000, 0x000002091b9a0000, 0x000002091da40000]
 total_blobs=8031 nmethods=7303 adapters=654
 compilation: enabled
              stopped_count=0, restarted_count=0
 full_count=0

Compilation events (20 events):
Event: 1299.107 Thread 0x000002092a27cdc0 7373       1       org.apache.kafka.common.message.OffsetCommitResponseData::read (249 bytes)
Event: 1299.110 Thread 0x000002092a27cdc0 nmethod 7373 0x000002091b1cf910 code [0x000002091b1cfbe0, 0x000002091b1d0968]
Event: 1299.110 Thread 0x000002092a27cdc0 7367       1       org.apache.kafka.clients.consumer.internals.SubscriptionState::lambda$allConsumed$2 (39 bytes)
Event: 1299.111 Thread 0x000002092a27cdc0 nmethod 7367 0x000002091b1cf310 code [0x000002091b1cf4c0, 0x000002091b1cf6a8]
Event: 1299.111 Thread 0x000002092a27cdc0 7368       1       org.apache.kafka.clients.consumer.internals.ConsumerCoordinator::commitOffsetsAsync (53 bytes)
Event: 1299.113 Thread 0x000002092a27cdc0 nmethod 7368 0x000002091b0e8a90 code [0x000002091b0e8cc0, 0x000002091b0e92b8]
Event: 1299.113 Thread 0x000002092a27cdc0 7369       1       org.apache.kafka.clients.consumer.internals.ConsumerCoordinator::doCommitOffsetsAsync (36 bytes)
Event: 1299.115 Thread 0x000002092a27cdc0 nmethod 7369 0x000002091b0e8190 code [0x000002091b0e8380, 0x000002091b0e8818]
Event: 1299.115 Thread 0x000002092a27cdc0 7371       1       org.apache.kafka.common.message.OffsetCommitRequestData$OffsetCommitRequestTopic::<init> (23 bytes)
Event: 1299.115 Thread 0x000002092a27cdc0 nmethod 7371 0x000002091b0e7d10 code [0x000002091b0e7ec0, 0x000002091b0e80e8]
Event: 1299.115 Thread 0x000002092a27cdc0 7372       1       org.apache.kafka.common.message.OffsetCommitRequestData$OffsetCommitRequestTopic::setName (7 bytes)
Event: 1299.116 Thread 0x000002092a27cdc0 nmethod 7372 0x000002091b0b1510 code [0x000002091b0b16a0, 0x000002091b0b17b8]
Event: 1301.929 Thread 0x000002092a27cdc0 7374       1       org.springframework.kafka.listener.KafkaMessageListenerContainer$ListenerConsumer$$Lambda$1667/0x00000008014eef48::accept (12 bytes)
Event: 1301.930 Thread 0x000002092a27cdc0 nmethod 7374 0x000002091b0e7990 code [0x000002091b0e7b20, 0x000002091b0e7c68]
Event: 1301.930 Thread 0x000002092a27cdc0 7375       1       org.springframework.kafka.listener.KafkaMessageListenerContainer$ListenerConsumer::checkIdlePartition (162 bytes)
Event: 1301.930 Thread 0x000002092a27cdc0 nmethod 7375 0x000002091b0e6d90 code [0x000002091b0e6fc0, 0x000002091b0e7578]
Event: 1325.110 Thread 0x000002092a27cdc0 7376       1       com.fasterxml.jackson.core.JsonToken::id (5 bytes)
Event: 1325.110 Thread 0x000002092a27cdc0 nmethod 7376 0x000002091b0e6a90 code [0x000002091b0e6c20, 0x000002091b0e6cf8]
Event: 1325.110 Thread 0x000002092a27cdc0 7377       1       ch.qos.logback.core.UnsynchronizedAppenderBase::isStarted (5 bytes)
Event: 1325.110 Thread 0x000002092a27cdc0 nmethod 7377 0x000002091b0e6790 code [0x000002091b0e6920, 0x000002091b0e69f8]

GC Heap History (20 events):
Event: 3.049 GC heap before
{Heap before GC invocations=8 (full 0):
 garbage-first heap   total 174080K, used 30060K [0x0000000705c00000, 0x0000000800000000)
  region size 2048K, 6 young (12288K), 1 survivors (2048K)
 Metaspace       used 35776K, committed 36096K, reserved 1114112K
  class space    used 4885K, committed 5056K, reserved 1048576K
}
Event: 3.052 GC heap after
{Heap after GC invocations=9 (full 0):
 garbage-first heap   total 174080K, used 23061K [0x0000000705c00000, 0x0000000800000000)
  region size 2048K, 2 young (4096K), 2 survivors (4096K)
 Metaspace       used 35776K, committed 36096K, reserved 1114112K
  class space    used 4885K, committed 5056K, reserved 1048576K
}
Event: 3.693 GC heap before
{Heap before GC invocations=10 (full 0):
 garbage-first heap   total 90112K, used 72213K [0x0000000705c00000, 0x0000000800000000)
  region size 2048K, 26 young (53248K), 2 survivors (4096K)
 Metaspace       used 44542K, committed 44928K, reserved 1114112K
  class space    used 6153K, committed 6336K, reserved 1048576K
}
Event: 3.697 GC heap after
{Heap after GC invocations=11 (full 0):
 garbage-first heap   total 90112K, used 26205K [0x0000000705c00000, 0x0000000800000000)
  region size 2048K, 4 young (8192K), 4 survivors (8192K)
 Metaspace       used 44542K, committed 44928K, reserved 1114112K
  class space    used 6153K, committed 6336K, reserved 1048576K
}
Event: 3.720 GC heap before
{Heap before GC invocations=11 (full 0):
 garbage-first heap   total 90112K, used 28253K [0x0000000705c00000, 0x0000000800000000)
  region size 2048K, 5 young (10240K), 4 survivors (8192K)
 Metaspace       used 44718K, committed 45056K, reserved 1114112K
  class space    used 6183K, committed 6336K, reserved 1048576K
}
Event: 3.724 GC heap after
{Heap after GC invocations=12 (full 0):
 garbage-first heap   total 90112K, used 26873K [0x0000000705c00000, 0x0000000800000000)
  region size 2048K, 1 young (2048K), 1 survivors (2048K)
 Metaspace       used 44718K, committed 45056K, reserved 1114112K
  class space    used 6183K, committed 6336K, reserved 1048576K
}
Event: 4.123 GC heap before
{Heap before GC invocations=12 (full 0):
 garbage-first heap   total 90112K, used 65785K [0x0000000705c00000, 0x0000000800000000)
  region size 2048K, 20 young (40960K), 1 survivors (2048K)
 Metaspace       used 49103K, committed 49536K, reserved 1114112K
  class space    used 6769K, committed 6976K, reserved 1048576K
}
Event: 4.126 GC heap after
{Heap after GC invocations=13 (full 0):
 garbage-first heap   total 90112K, used 28815K [0x0000000705c00000, 0x0000000800000000)
  region size 2048K, 2 young (4096K), 2 survivors (4096K)
 Metaspace       used 49103K, committed 49536K, reserved 1114112K
  class space    used 6769K, committed 6976K, reserved 1048576K
}
Event: 4.585 GC heap before
{Heap before GC invocations=13 (full 0):
 garbage-first heap   total 90112K, used 67727K [0x0000000705c00000, 0x0000000800000000)
  region size 2048K, 21 young (43008K), 2 survivors (4096K)
 Metaspace       used 53504K, committed 53952K, reserved 1114112K
  class space    used 7356K, committed 7552K, reserved 1048576K
}
Event: 4.589 GC heap after
{Heap after GC invocations=14 (full 0):
 garbage-first heap   total 90112K, used 32031K [0x0000000705c00000, 0x0000000800000000)
  region size 2048K, 3 young (6144K), 3 survivors (6144K)
 Metaspace       used 53504K, committed 53952K, reserved 1114112K
  class space    used 7356K, committed 7552K, reserved 1048576K
}
Event: 4.984 GC heap before
{Heap before GC invocations=14 (full 0):
 garbage-first heap   total 90112K, used 68895K [0x0000000705c00000, 0x0000000800000000)
  region size 2048K, 21 young (43008K), 3 survivors (6144K)
 Metaspace       used 59151K, committed 59712K, reserved 1114112K
  class space    used 8115K, committed 8384K, reserved 1048576K
}
Event: 4.990 GC heap after
{Heap after GC invocations=15 (full 0):
 garbage-first heap   total 90112K, used 35970K [0x0000000705c00000, 0x0000000800000000)
  region size 2048K, 3 young (6144K), 3 survivors (6144K)
 Metaspace       used 59151K, committed 59712K, reserved 1114112K
  class space    used 8115K, committed 8384K, reserved 1048576K
}
Event: 5.030 GC heap before
{Heap before GC invocations=15 (full 0):
 garbage-first heap   total 90112K, used 40066K [0x0000000705c00000, 0x0000000800000000)
  region size 2048K, 6 young (12288K), 3 survivors (6144K)
 Metaspace       used 60411K, committed 60928K, reserved 1114112K
  class space    used 8189K, committed 8448K, reserved 1048576K
}
Event: 5.032 GC heap after
{Heap after GC invocations=16 (full 0):
 garbage-first heap   total 90112K, used 36653K [0x0000000705c00000, 0x0000000800000000)
  region size 2048K, 1 young (2048K), 1 survivors (2048K)
 Metaspace       used 60411K, committed 60928K, reserved 1114112K
  class space    used 8189K, committed 8448K, reserved 1048576K
}
Event: 60.464 GC heap before
{Heap before GC invocations=17 (full 0):
 garbage-first heap   total 90112K, used 67373K [0x0000000705c00000, 0x0000000800000000)
  region size 2048K, 17 young (34816K), 1 survivors (2048K)
 Metaspace       used 66744K, committed 67328K, reserved 1114112K
  class space    used 8910K, committed 9216K, reserved 1048576K
}
Event: 60.466 GC heap after
{Heap after GC invocations=18 (full 0):
 garbage-first heap   total 90112K, used 37697K [0x0000000705c00000, 0x0000000800000000)
  region size 2048K, 1 young (2048K), 1 survivors (2048K)
 Metaspace       used 66744K, committed 67328K, reserved 1114112K
  class space    used 8910K, committed 9216K, reserved 1048576K
}
Event: 561.546 GC heap before
{Heap before GC invocations=18 (full 0):
 garbage-first heap   total 90112K, used 70465K [0x0000000705c00000, 0x0000000800000000)
  region size 2048K, 17 young (34816K), 1 survivors (2048K)
 Metaspace       used 69017K, committed 69632K, reserved 1114112K
  class space    used 9160K, committed 9472K, reserved 1048576K
}
Event: 561.552 GC heap after
{Heap after GC invocations=19 (full 0):
 garbage-first heap   total 90112K, used 38122K [0x0000000705c00000, 0x0000000800000000)
  region size 2048K, 2 young (4096K), 2 survivors (4096K)
 Metaspace       used 69017K, committed 69632K, reserved 1114112K
  class space    used 9160K, committed 9472K, reserved 1048576K
}
Event: 1253.208 GC heap before
{Heap before GC invocations=19 (full 0):
 garbage-first heap   total 90112K, used 70890K [0x0000000705c00000, 0x0000000800000000)
  region size 2048K, 18 young (36864K), 2 survivors (4096K)
 Metaspace       used 69017K, committed 69632K, reserved 1114112K
  class space    used 9160K, committed 9472K, reserved 1048576K
}
Event: 1253.212 GC heap after
{Heap after GC invocations=20 (full 0):
 garbage-first heap   total 90112K, used 38180K [0x0000000705c00000, 0x0000000800000000)
  region size 2048K, 2 young (4096K), 2 survivors (4096K)
 Metaspace       used 69017K, committed 69632K, reserved 1114112K
  class space    used 9160K, committed 9472K, reserved 1048576K
}

Deoptimization events (20 events):
Event: 60.633 Thread 0x00000209303c5220 DEOPT PACKING pc=0x000002091ae72de4 sp=0x000000e3e3afb8e0
Event: 60.633 Thread 0x00000209303c5220 DEOPT UNPACKING pc=0x000002091aa92b43 sp=0x000000e3e3afada8 mode 1
Event: 60.633 Thread 0x00000209303c5220 DEOPT PACKING pc=0x000002091ae730dc sp=0x000000e3e3afb970
Event: 60.633 Thread 0x00000209303c5220 DEOPT UNPACKING pc=0x000002091aa92b43 sp=0x000000e3e3afae48 mode 1
Event: 60.676 Thread 0x00000209303c5220 DEOPT PACKING pc=0x000002091aee2eb9 sp=0x000000e3e3afae10
Event: 60.676 Thread 0x00000209303c5220 DEOPT UNPACKING pc=0x000002091aa92b43 sp=0x000000e3e3afa268 mode 1
Event: 60.676 Thread 0x00000209303c5220 DEOPT PACKING pc=0x000002091aedecfc sp=0x000000e3e3afaea0
Event: 60.676 Thread 0x00000209303c5220 DEOPT UNPACKING pc=0x000002091aa92b43 sp=0x000000e3e3afa358 mode 1
Event: 60.676 Thread 0x00000209303c5220 DEOPT PACKING pc=0x000002091ae72de4 sp=0x000000e3e3afb870
Event: 60.676 Thread 0x00000209303c5220 DEOPT UNPACKING pc=0x000002091aa92b43 sp=0x000000e3e3afad38 mode 1
Event: 60.676 Thread 0x00000209303c5220 DEOPT PACKING pc=0x000002091ae730dc sp=0x000000e3e3afb900
Event: 60.676 Thread 0x00000209303c5220 DEOPT UNPACKING pc=0x000002091aa92b43 sp=0x000000e3e3afadd8 mode 1
Event: 60.676 Thread 0x00000209303c5220 DEOPT PACKING pc=0x000002091aee2eb9 sp=0x000000e3e3afae10
Event: 60.676 Thread 0x00000209303c5220 DEOPT UNPACKING pc=0x000002091aa92b43 sp=0x000000e3e3afa268 mode 1
Event: 60.676 Thread 0x00000209303c5220 DEOPT PACKING pc=0x000002091aedecfc sp=0x000000e3e3afaea0
Event: 60.676 Thread 0x00000209303c5220 DEOPT UNPACKING pc=0x000002091aa92b43 sp=0x000000e3e3afa358 mode 1
Event: 60.677 Thread 0x00000209303c5220 DEOPT PACKING pc=0x000002091ae72de4 sp=0x000000e3e3afb870
Event: 60.677 Thread 0x00000209303c5220 DEOPT UNPACKING pc=0x000002091aa92b43 sp=0x000000e3e3afad38 mode 1
Event: 60.677 Thread 0x00000209303c5220 DEOPT PACKING pc=0x000002091ae730dc sp=0x000000e3e3afb900
Event: 60.677 Thread 0x00000209303c5220 DEOPT UNPACKING pc=0x000002091aa92b43 sp=0x000000e3e3afadd8 mode 1

Classes loaded (20 events):
Event: 60.572 Loading class sun/net/www/http/ChunkedInputStream
Event: 60.572 Loading class sun/net/www/http/Hurryable
Event: 60.572 Loading class sun/net/www/http/Hurryable done
Event: 60.572 Loading class sun/net/www/http/ChunkedInputStream done
Event: 60.573 Loading class java/lang/NumberFormatException
Event: 60.573 Loading class java/lang/NumberFormatException done
Event: 60.573 Loading class sun/net/www/protocol/http/HttpURLConnection$HttpInputStream
Event: 60.573 Loading class sun/net/www/protocol/http/HttpURLConnection$HttpInputStream done
Event: 60.578 Loading class sun/net/www/http/KeepAliveCache$1
Event: 60.578 Loading class sun/net/www/http/KeepAliveCache$1 done
Event: 60.579 Loading class sun/net/www/http/ClientVector
Event: 60.579 Loading class sun/net/www/http/ClientVector done
Event: 60.579 Loading class sun/net/www/http/KeepAliveEntry
Event: 60.579 Loading class sun/net/www/http/KeepAliveEntry done
Event: 60.608 Loading class java/lang/ObjectCustomizer
Event: 60.608 Loading class java/lang/ObjectCustomizer done
Event: 60.608 Loading class java/lang/ObjectCustomizer
Event: 60.608 Loading class java/lang/ObjectCustomizer done
Event: 545.358 Loading class java/util/ArrayDeque$DescendingIterator
Event: 545.358 Loading class java/util/ArrayDeque$DescendingIterator done

Classes unloaded (0 events):
No events

Classes redefined (19 events):
Event: 263.011 Thread 0x00000209119daf20 redefined class name=br.com.vinculos.consumer.service.impl.VinculoResidenciaConsumerServiceImpl, count=1
Event: 265.030 Thread 0x00000209119daf20 redefined class name=br.com.vinculos.consumer.service.ConsumerService, count=1
Event: 265.030 Thread 0x00000209119daf20 redefined class name=br.com.vinculos.dto.GETMoradorResponseDto, count=1
Event: 265.030 Thread 0x00000209119daf20 redefined class name=br.com.vinculos.dto.GETMoradoresSemResidenciaResponseDto, count=1
Event: 265.030 Thread 0x00000209119daf20 redefined class name=br.com.vinculos.dto.GETResidenciaResponseDto, count=1
Event: 265.030 Thread 0x00000209119daf20 redefined class name=br.com.vinculos.dto.MoradorDto, count=1
Event: 265.030 Thread 0x00000209119daf20 redefined class name=br.com.vinculos.dto.MoradorRequestDto$MoradorRequestDtoBuilder, count=1
Event: 265.030 Thread 0x00000209119daf20 redefined class name=br.com.vinculos.dto.MoradorRequestDto, count=1
Event: 265.030 Thread 0x00000209119daf20 redefined class name=br.com.vinculos.dto.ProcessoCadastroDto, count=1
Event: 265.030 Thread 0x00000209119daf20 redefined class name=br.com.vinculos.dto.QueryResidenciaResponseDto, count=1
Event: 265.030 Thread 0x00000209119daf20 redefined class name=br.com.vinculos.dto.ResidenciaDto, count=1
Event: 265.030 Thread 0x00000209119daf20 redefined class name=br.com.vinculos.dto.ResidenciaRequestDto$ResidenciaRequestDtoBuilder, count=1
Event: 265.030 Thread 0x00000209119daf20 redefined class name=br.com.vinculos.dto.ResidenciaRequestDto, count=1
Event: 265.030 Thread 0x00000209119daf20 redefined class name=br.com.vinculos.entities.Morador, count=1
Event: 265.030 Thread 0x00000209119daf20 redefined class name=br.com.vinculos.entities.Residencia, count=1
Event: 265.030 Thread 0x00000209119daf20 redefined class name=br.com.vinculos.entities.VinculoResidencia, count=1
Event: 265.030 Thread 0x00000209119daf20 redefined class name=br.com.vinculos.repositories.VinculoResidenciaRepository, count=1
Event: 265.030 Thread 0x00000209119daf20 redefined class name=br.com.vinculos.senders.MoradorSender, count=1
Event: 265.030 Thread 0x00000209119daf20 redefined class name=br.com.vinculos.senders.ResidenciaSender, count=1

Internal exceptions (20 events):
Event: 4.909 Thread 0x000002091193f170 Exception <a 'java/lang/ClassNotFoundException'{0x00000007094be5e8}: org/springframework/beans/factory/BeanNameAwareCustomizer> (0x00000007094be5e8) 
thrown [s\open\src\hotspot\share\classfile\systemDictionary.cpp, line 255]
Event: 4.909 Thread 0x000002091193f170 Exception <a 'java/lang/ClassNotFoundException'{0x00000007094c3868}: org/springframework/beans/factory/AwareCustomizer> (0x00000007094c3868) 
thrown [s\open\src\hotspot\share\classfile\systemDictionary.cpp, line 255]
Event: 4.909 Thread 0x000002091193f170 Exception <a 'java/lang/ClassNotFoundException'{0x00000007094c7f70}: org/springframework/context/ApplicationContextAwareCustomizer> (0x00000007094c7f70) 
thrown [s\open\src\hotspot\share\classfile\systemDictionary.cpp, line 255]
Event: 4.910 Thread 0x000002091193f170 Exception <a 'java/lang/ClassNotFoundException'{0x00000007094cd908}: org/springframework/beans/factory/AwareCustomizer> (0x00000007094cd908) 
thrown [s\open\src\hotspot\share\classfile\systemDictionary.cpp, line 255]
Event: 4.910 Thread 0x000002091193f170 Exception <a 'java/lang/ClassNotFoundException'{0x00000007094d2270}: org/springframework/context/ApplicationEventPublisherAwareCustomizer> (0x00000007094d2270) 
thrown [s\open\src\hotspot\share\classfile\systemDictionary.cpp, line 255]
Event: 4.910 Thread 0x000002091193f170 Exception <a 'java/lang/ClassNotFoundException'{0x00000007094d78c0}: org/springframework/beans/factory/AwareCustomizer> (0x00000007094d78c0) 
thrown [s\open\src\hotspot\share\classfile\systemDictionary.cpp, line 255]
Event: 4.911 Thread 0x000002091193f170 Exception <a 'java/lang/ClassNotFoundException'{0x00000007094dbfe0}: org/springframework/context/ApplicationListenerCustomizer> (0x00000007094dbfe0) 
thrown [s\open\src\hotspot\share\classfile\systemDictionary.cpp, line 255]
Event: 4.911 Thread 0x000002091193f170 Exception <a 'java/lang/ClassNotFoundException'{0x00000007094de4d0}: java/util/EventListenerCustomizer> (0x00000007094de4d0) 
thrown [s\open\src\hotspot\share\classfile\systemDictionary.cpp, line 255]
Event: 4.911 Thread 0x000002091193f170 Exception <a 'java/lang/ClassNotFoundException'{0x00000007094e26d8}: com/rabbitmq/client/ShutdownListenerCustomizer> (0x00000007094e26d8) 
thrown [s\open\src\hotspot\share\classfile\systemDictionary.cpp, line 255]
Event: 4.911 Thread 0x000002091193f170 Exception <a 'java/lang/ClassNotFoundException'{0x00000007094e3d88}: java/util/EventListenerCustomizer> (0x00000007094e3d88) 
thrown [s\open\src\hotspot\share\classfile\systemDictionary.cpp, line 255]
Event: 5.130 Thread 0x00000209303c43b0 Exception <a 'java/lang/NoSuchMethodError'{0x000000070a8cef98}: 'java.lang.Object java.lang.invoke.DirectMethodHandle$Holder.newInvokeSpecial(java.lang.Object, java.lang.Object, long)'> (0x000000070a8cef98) 
thrown [s\open\src\hotspot\share\interpreter\linkResolver.cpp, line 759]
Event: 5.130 Thread 0x00000209303c43b0 Exception <a 'java/lang/NoSuchMethodError'{0x000000070a8d2658}: 'java.lang.Object java.lang.invoke.Invokers$Holder.linkToTargetMethod(java.lang.Object, long, java.lang.Object)'> (0x000000070a8d2658) 
thrown [s\open\src\hotspot\share\interpreter\linkResolver.cpp, line 759]
Event: 5.131 Thread 0x00000209303c43b0 Exception <a 'java/lang/NoSuchMethodError'{0x000000070a8db870}: 'java.lang.Object java.lang.invoke.DirectMethodHandle$Holder.newInvokeSpecial(java.lang.Object, long)'> (0x000000070a8db870) 
thrown [s\open\src\hotspot\share\interpreter\linkResolver.cpp, line 759]
Event: 5.189 Thread 0x000002091193f170 Exception <a 'java/lang/NoSuchMethodError'{0x000000070a4684d0}: 'java.lang.Object java.lang.invoke.DirectMethodHandle$Holder.invokeSpecial(java.lang.Object, java.lang.Object, int, java.lang.Object, int, java.lang.Object)'> (0x000000070a4684d0) 
thrown [s\open\src\hotspot\share\interpreter\linkResolver.cpp, line 759]
Event: 5.190 Thread 0x000002091193f170 Exception <a 'java/lang/NoSuchMethodError'{0x000000070a4702c8}: 'java.lang.Object java.lang.invoke.DirectMethodHandle$Holder.newInvokeSpecial(java.lang.Object, java.lang.Object, int, java.lang.Object, int)'> (0x000000070a4702c8) 
thrown [s\open\src\hotspot\share\interpreter\linkResolver.cpp, line 759]
Event: 5.190 Thread 0x000002091193f170 Exception <a 'java/lang/NoSuchMethodError'{0x000000070a4743d0}: 'java.lang.Object java.lang.invoke.DirectMethodHandle$Holder.invokeSpecial(java.lang.Object, java.lang.Object, java.lang.Object, int, java.lang.Object, int)'> (0x000000070a4743d0) 
thrown [s\open\src\hotspot\share\interpreter\linkResolver.cpp, line 759]
Event: 17.233 Thread 0x00000209303c5220 Exception <a 'java/lang/NoSuchMethodError'{0x00000007098b0af0}: 'java.lang.Object java.lang.invoke.DirectMethodHandle$Holder.invokeVirtual(java.lang.Object, java.lang.Object, int)'> (0x00000007098b0af0) 
thrown [s\open\src\hotspot\share\interpreter\linkResolver.cpp, line 759]
Event: 60.513 Thread 0x00000209303c5220 Exception <a 'java/lang/NoSuchMethodError'{0x00000007157ba2a0}: 'int java.lang.invoke.Invokers$Holder.invokeExact_MT(java.lang.Object, java.lang.Object, java.lang.Object)'> (0x00000007157ba2a0) 
thrown [s\open\src\hotspot\share\interpreter\linkResolver.cpp, line 759]
Event: 60.608 Thread 0x00000209303c5220 Exception <a 'java/lang/ClassNotFoundException'{0x000000070f824620}: java/lang/ObjectCustomizer> (0x000000070f824620) 
thrown [s\open\src\hotspot\share\classfile\systemDictionary.cpp, line 255]
Event: 60.609 Thread 0x00000209303c5220 Exception <a 'java/lang/ClassNotFoundException'{0x000000070f82c678}: br/com/vinculos/entities/VinculoResidenciaCustomizer> (0x000000070f82c678) 
thrown [s\open\src\hotspot\share\classfile\systemDictionary.cpp, line 255]

VM Operations (20 events):
Event: 545.363 Executing VM operation: Cleanup
Event: 545.363 Executing VM operation: Cleanup done
Event: 545.363 Executing VM operation: HandshakeAllThreads
Event: 545.363 Executing VM operation: HandshakeAllThreads done
Event: 546.367 Executing VM operation: Cleanup
Event: 546.367 Executing VM operation: Cleanup done
Event: 561.546 Executing VM operation: G1CollectForAllocation
Event: 561.552 Executing VM operation: G1CollectForAllocation done
Event: 561.552 Executing VM operation: Cleanup
Event: 561.554 Executing VM operation: Cleanup done
Event: 613.098 Executing VM operation: Cleanup
Event: 613.098 Executing VM operation: Cleanup done
Event: 653.448 Executing VM operation: Cleanup
Event: 653.448 Executing VM operation: Cleanup done
Event: 802.045 Executing VM operation: Cleanup
Event: 802.046 Executing VM operation: Cleanup done
Event: 1145.666 Executing VM operation: Cleanup
Event: 1145.666 Executing VM operation: Cleanup done
Event: 1253.208 Executing VM operation: G1CollectForAllocation
Event: 1253.213 Executing VM operation: G1CollectForAllocation done

Events (20 events):
Event: 545.376 Thread 0x000002092a27f6c0 flushing nmethod 0x000002091b0c7490
Event: 545.377 Thread 0x000002092a27f6c0 flushing nmethod 0x000002091b0df710
Event: 545.378 Thread 0x000002092a27f6c0 flushing nmethod 0x000002091b1a6b10
Event: 545.378 Thread 0x000002092a27f6c0 flushing nmethod 0x000002091b1aa810
Event: 545.378 Thread 0x000002092a27f6c0 flushing nmethod 0x000002091b1aae10
Event: 545.378 Thread 0x000002092a27f6c0 flushing nmethod 0x000002091b1ad210
Event: 545.378 Thread 0x000002092a27f6c0 flushing nmethod 0x000002091b1ad690
Event: 545.378 Thread 0x000002092a27f6c0 flushing nmethod 0x000002091b1af490
Event: 545.378 Thread 0x000002092a27f6c0 flushing nmethod 0x000002091b1cf310
Event: 545.378 Thread 0x000002092a27f6c0 flushing nmethod 0x000002091b1e8d10
Event: 545.378 Thread 0x000002092a27f6c0 flushing nmethod 0x000002091b1ff010
Event: 545.378 Thread 0x000002092a27f6c0 flushing nmethod 0x000002091b215390
Event: 545.379 Thread 0x000002092a27f6c0 flushing nmethod 0x000002091b233a10
Event: 545.379 Thread 0x000002092a27f6c0 flushing nmethod 0x000002091b26f590
Event: 545.379 Thread 0x000002092a27f6c0 flushing nmethod 0x000002091b26fd90
Event: 545.380 Thread 0x000002092a27f6c0 flushing nmethod 0x000002091b2be690
Event: 545.380 Thread 0x000002092a27f6c0 flushing nmethod 0x000002091b2cd190
Event: 545.380 Thread 0x000002092a27f6c0 flushing nmethod 0x000002091b313990
Event: 658.149 Thread 0x000002092f985860 Thread added: 0x000002092f985860
Event: 663.152 Thread 0x000002092f985860 Thread exited: 0x000002092f985860


Dynamic libraries:
0x00007ff6c0000000 - 0x00007ff6c0010000 	C:\Program Files\Java\jdk-18.0.2.1\bin\javaw.exe
0x00007ffa82a30000 - 0x00007ffa82c28000 	C:\Windows\SYSTEM32\ntdll.dll
0x00007ffa80db0000 - 0x00007ffa80e72000 	C:\Windows\System32\KERNEL32.DLL
0x00007ffa80580000 - 0x00007ffa8087e000 	C:\Windows\System32\KERNELBASE.dll
0x00007ffa82920000 - 0x00007ffa829d1000 	C:\Windows\System32\ADVAPI32.DLL
0x00007ffa80f30000 - 0x00007ffa80fce000 	C:\Windows\System32\msvcrt.dll
0x00007ffa82300000 - 0x00007ffa8239f000 	C:\Windows\System32\sechost.dll
0x00007ffa81900000 - 0x00007ffa81a23000 	C:\Windows\System32\RPCRT4.dll
0x00007ffa80a20000 - 0x00007ffa80a47000 	C:\Windows\System32\bcrypt.dll
0x00007ffa80140000 - 0x00007ffa80240000 	C:\Windows\System32\ucrtbase.dll
0x00007ffa7c9c0000 - 0x00007ffa7c9d8000 	C:\Program Files\Java\jdk-18.0.2.1\bin\jli.dll
0x00007ffa7b090000 - 0x00007ffa7b0aa000 	C:\Program Files\Java\jdk-18.0.2.1\bin\VCRUNTIME140.dll
0x00007ffa82160000 - 0x00007ffa822fd000 	C:\Windows\System32\USER32.dll
0x00007ffa684e0000 - 0x00007ffa6877a000 	C:\Windows\WinSxS\amd64_microsoft.windows.common-controls_6595b64144ccf1df_6.0.19041.4355_none_60b8b9eb71f62e16\COMCTL32.dll
0x00007ffa80880000 - 0x00007ffa808a2000 	C:\Windows\System32\win32u.dll
0x00007ffa80fd0000 - 0x00007ffa80ffb000 	C:\Windows\System32\GDI32.dll
0x00007ffa808b0000 - 0x00007ffa809c7000 	C:\Windows\System32\gdi32full.dll
0x00007ffa80450000 - 0x00007ffa804ed000 	C:\Windows\System32\msvcp_win.dll
0x00007ffa79d90000 - 0x00007ffa79d9a000 	C:\Windows\SYSTEM32\VERSION.dll
0x00007ffa81ab0000 - 0x00007ffa81adf000 	C:\Windows\System32\IMM32.DLL
0x00007ffa7c9b0000 - 0x00007ffa7c9bc000 	C:\Program Files\Java\jdk-18.0.2.1\bin\vcruntime140_1.dll
0x00007ffa594c0000 - 0x00007ffa5954d000 	C:\Program Files\Java\jdk-18.0.2.1\bin\msvcp140.dll
0x00007ffa280e0000 - 0x00007ffa28cf1000 	C:\Program Files\Java\jdk-18.0.2.1\bin\server\jvm.dll
0x00007ffa829e0000 - 0x00007ffa829e8000 	C:\Windows\System32\PSAPI.DLL
0x00007ffa66240000 - 0x00007ffa66249000 	C:\Windows\SYSTEM32\WSOCK32.dll
0x00007ffa5ef50000 - 0x00007ffa5ef77000 	C:\Windows\SYSTEM32\WINMM.dll
0x00007ffa81a30000 - 0x00007ffa81a9b000 	C:\Windows\System32\WS2_32.dll
0x00007ffa7e910000 - 0x00007ffa7e922000 	C:\Windows\SYSTEM32\kernel.appcore.dll
0x00007ffa7b2d0000 - 0x00007ffa7b2da000 	C:\Program Files\Java\jdk-18.0.2.1\bin\jimage.dll
0x00007ffa7e2b0000 - 0x00007ffa7e494000 	C:\Windows\SYSTEM32\DBGHELP.DLL
0x00007ffa52290000 - 0x00007ffa522c4000 	C:\Windows\SYSTEM32\dbgcore.DLL
0x00007ffa804f0000 - 0x00007ffa80572000 	C:\Windows\System32\bcryptPrimitives.dll
0x00007ffa76eb0000 - 0x00007ffa76eeb000 	C:\Program Files\Java\jdk-18.0.2.1\bin\jdwp.dll
0x00007ffa76e40000 - 0x00007ffa76e65000 	C:\Program Files\Java\jdk-18.0.2.1\bin\java.dll
0x00007ffa4e750000 - 0x00007ffa4e826000 	C:\Program Files\Java\jdk-18.0.2.1\bin\jsvml.dll
0x00007ffa81080000 - 0x00007ffa817ed000 	C:\Windows\System32\SHELL32.dll
0x00007ffa7db00000 - 0x00007ffa7e2a4000 	C:\Windows\SYSTEM32\windows.storage.dll
0x00007ffa80a50000 - 0x00007ffa80da3000 	C:\Windows\System32\combase.dll
0x00007ffa7f940000 - 0x00007ffa7f96e000 	C:\Windows\SYSTEM32\Wldp.dll
0x00007ffa81bc0000 - 0x00007ffa81c8d000 	C:\Windows\System32\OLEAUT32.dll
0x00007ffa81850000 - 0x00007ffa818fd000 	C:\Windows\System32\SHCORE.dll
0x00007ffa828a0000 - 0x00007ffa828f5000 	C:\Windows\System32\shlwapi.dll
0x00007ffa80000000 - 0x00007ffa80024000 	C:\Windows\SYSTEM32\profapi.dll
0x00007ffa7b070000 - 0x00007ffa7b07c000 	C:\Program Files\Java\jdk-18.0.2.1\bin\dt_socket.dll
0x00007ffa7f430000 - 0x00007ffa7f46b000 	C:\Windows\SYSTEM32\IPHLPAPI.DLL
0x00007ffa7f730000 - 0x00007ffa7f79a000 	C:\Windows\system32\mswsock.dll
0x00007ffa7f470000 - 0x00007ffa7f53a000 	C:\Windows\SYSTEM32\DNSAPI.dll
0x00007ffa81aa0000 - 0x00007ffa81aa8000 	C:\Windows\System32\NSI.dll
0x00007ffa76810000 - 0x00007ffa7681a000 	C:\Windows\System32\rasadhlp.dll
0x00007ffa7b950000 - 0x00007ffa7b9d0000 	C:\Windows\System32\fwpuclnt.dll
0x00007ffa77af0000 - 0x00007ffa77b03000 	C:\Program Files\Java\jdk-18.0.2.1\bin\net.dll
0x00007ffa7eff0000 - 0x00007ffa7f0fd000 	C:\Windows\SYSTEM32\WINHTTP.dll
0x00007ffa76e20000 - 0x00007ffa76e36000 	C:\Program Files\Java\jdk-18.0.2.1\bin\nio.dll
0x00007ffa76e00000 - 0x00007ffa76e18000 	C:\Program Files\Java\jdk-18.0.2.1\bin\zip.dll
0x00007ffa7b060000 - 0x00007ffa7b069000 	C:\Program Files\Java\jdk-18.0.2.1\bin\management.dll
0x00007ffa7af80000 - 0x00007ffa7af8b000 	C:\Program Files\Java\jdk-18.0.2.1\bin\management_ext.dll
0x00007ffa64160000 - 0x00007ffa64177000 	C:\Windows\system32\napinsp.dll
0x00007ffa64180000 - 0x00007ffa6419b000 	C:\Windows\system32\pnrpnsp.dll
0x00007ffa7b410000 - 0x00007ffa7b425000 	C:\Windows\system32\wshbth.dll
0x00007ffa7a9f0000 - 0x00007ffa7aa0d000 	C:\Windows\system32\NLAapi.dll
0x00007ffa64e00000 - 0x00007ffa64e12000 	C:\Windows\System32\winrnr.dll
0x00007ffa7f990000 - 0x00007ffa7f9a8000 	C:\Windows\SYSTEM32\CRYPTSP.dll
0x00007ffa7ef60000 - 0x00007ffa7ef94000 	C:\Windows\system32\rsaenh.dll
0x00007ffa7ffc0000 - 0x00007ffa7ffee000 	C:\Windows\SYSTEM32\USERENV.dll
0x00007ffa7f970000 - 0x00007ffa7f97c000 	C:\Windows\SYSTEM32\CRYPTBASE.dll
0x00007ffa7afd0000 - 0x00007ffa7afe7000 	C:\Windows\SYSTEM32\dhcpcsvc6.DLL
0x00007ffa7af40000 - 0x00007ffa7af5d000 	C:\Windows\SYSTEM32\dhcpcsvc.DLL
0x00007ffa76ea0000 - 0x00007ffa76eae000 	C:\Program Files\Java\jdk-18.0.2.1\bin\sunmscapi.dll
0x00007ffa80240000 - 0x00007ffa8039c000 	C:\Windows\System32\CRYPT32.dll
0x00007ffa7faa0000 - 0x00007ffa7fac7000 	C:\Windows\SYSTEM32\ncrypt.dll
0x00007ffa7fa60000 - 0x00007ffa7fa9b000 	C:\Windows\SYSTEM32\NTASN1.dll

dbghelp: loaded successfully - version: 4.0.5 - missing functions: none
symbol engine: initialized successfully - sym options: 0x614 - pdb path: .;C:\Program Files\Java\jdk-18.0.2.1\bin;C:\Windows\SYSTEM32;C:\Windows\WinSxS\amd64_microsoft.windows.common-controls_6595b64144ccf1df_6.0.19041.4355_none_60b8b9eb71f62e16;C:\Program Files\Java\jdk-18.0.2.1\bin\server

VM Arguments:
jvm_args: -agentlib:jdwp=transport=dt_socket,suspend=y,address=localhost:49615 -Dcom.sun.management.jmxremote -Dcom.sun.management.jmxremote.port=49613 -Dcom.sun.management.jmxremote.authenticate=false -Dcom.sun.management.jmxremote.ssl=false -Djava.rmi.server.hostname=localhost -Dspring.jmx.enabled=true -Dspring.liveBeansView.mbeanDomain -Dspring.application.admin.enabled=true -Xverify:none -XX:TieredStopAtLevel=1 -Dfile.encoding=UTF-8 
java_command: br.com.vinculos.VinculosMsApplication --spring.output.ansi.enabled=always
java_class_path (initial): C:\Users\bodl\git\vinculos-ms\target\classes;C:\Users\bodl\.m2\repository\org\springframework\boot\spring-boot-starter-amqp\2.6.7\spring-boot-starter-amqp-2.6.7.jar;C:\Users\bodl\.m2\repository\org\springframework\boot\spring-boot-starter\2.6.7\spring-boot-starter-2.6.7.jar;C:\Users\bodl\.m2\repository\org\springframework\boot\spring-boot-starter-logging\2.6.7\spring-boot-starter-logging-2.6.7.jar;C:\Users\bodl\.m2\repository\ch\qos\logback\logback-classic\1.2.11\logback-classic-1.2.11.jar;C:\Users\bodl\.m2\repository\ch\qos\logback\logback-core\1.2.11\logback-core-1.2.11.jar;C:\Users\bodl\.m2\repository\org\apache\logging\log4j\log4j-to-slf4j\2.17.2\log4j-to-slf4j-2.17.2.jar;C:\Users\bodl\.m2\repository\org\apache\logging\log4j\log4j-api\2.17.2\log4j-api-2.17.2.jar;C:\Users\bodl\.m2\repository\org\slf4j\jul-to-slf4j\1.7.36\jul-to-slf4j-1.7.36.jar;C:\Users\bodl\.m2\repository\org\yaml\snakeyaml\1.29\snakeyaml-1.29.jar;C:\Users\bodl\.m2\repository\org\springframework\spring-messaging\5.3.19\spring-messaging-5.3.19.jar;C:\Users\bodl\.m2\repository\org\springframework\amqp\spring-rabbit\2.4.4\spring-rabbit-2.4.4.jar;C:\Users\bodl\.m2\repository\org\springframework\amqp\spring-amqp\2.4.4\spring-amqp-2.4.4.jar;C:\Users\bodl\.m2\repository\com\rabbitmq\amqp-client\5.13.1\amqp-client-5.13.1.jar;C:\Users\bodl\.m2\repository\org\springframework\boot\spring-boot-starter-web\2.6.7\spring-boot-starter-web-2.6.7.jar;C:\Users\bodl\.m2\repository\org\springframework\boot\spring-boot-starter-json\2.6.7\spring-boot-starter-json-2.6.7.jar;C:\Users\bodl\.m2\repository\com\fasterxml\jackson\datatype\jackson-datatype-jdk8\2.13.2\jackson-datatype-jdk8-2.13.2.jar;C:\Users\bodl\.m2\repository\com\fasterxml\jackson\datatype\jackson-datatype-jsr310\2.13.2\jackson-datatype-jsr310-2.13.2.jar;C:\Users\bodl\.m2\repository\com\fasterxml\jackson\module\jackson-module-parameter-names\2.13.2\jackson-module-parameter-names-2.13.2.jar;C:\Users\bodl\.m2\repository\org\springframework\spring-web\5.3.19\spring-web-5.3.19.jar;C:\Users\bodl\.m2\repository\org\springframework\spring-webmvc\5.3.19\spring-webmvc-5.3.19.jar;C:\Users\bodl\.m2\repository\org\springframework\boot\spring-boot-starter-data-jpa\2.6.7\spring-boot-starter-data-jpa-2.6.7.jar;C:\Users\bodl\.m2\repository\org\springframework\boot\spring-boot-starter-aop\2.6.7\spring-boot-starter-aop-2.6.7.jar;C:\Users\bodl\.m2\repository\org\aspectj\aspectjweaver\1.9.7\aspectjweaver-1.9.7.jar;C:\Users\bodl\.m2\repository\org\springframework\boot\spring-boot-starter-jdbc\2.6.7\spring-boot-starter-jdbc-2.6.7.jar;C:\Users\bodl\.m2\repository\com\zaxxer\HikariCP\4.0.3\HikariCP-4.0.3.jar;C:\Users\bodl\.m2\repository\org\springframework\spring-jdbc\5.3.19\spring-jdbc-5.3.19.jar;C:\Users\bodl\.m2\repository\jakarta\transaction\jakarta.transaction-api\1.3.3\jakarta.transaction-api-1.3.3.jar;C:\Users\bodl\.m2\repository\jakarta\persistence\jakarta.persistence-api\2.2.3\jakarta.persistence-api-2.2.3.jar;C:\Users\bodl\.m2\repository\org\hibernate\hibernate-core\5.6.8.Final\hibernate-core-5.6.8.Final.jar;C:\Users\bodl\.m2\repository\org\jboss\logging\jboss-logging\3.4.3.Final\jboss-logging-3.4.3.Final.jar;C:\Users\bodl\.m2\repository\net\bytebuddy\byte-buddy\1.11.22\byte-buddy-1.11.22.jar;C:\Users\bodl\.m2\repository\antlr\antlr\2.7.7\antlr-2.7.7.jar;C:\Users\bodl\.m2\repository\org\jboss\jandex\2.4.2.Final\jandex-2.4.2.Final.jar;C:\Users\bodl\.m2\repository\org\hibernate\common\hibernate-commons-annotations\5.1.2.Final\hibernate-commons-annotations-5.1.2.Final.jar;C:\Users\bodl\.m2\repository\org\springframework\data\spring-data-jpa\2.6.4\spring-data-jpa-2.6.4.jar;C:\Users\bodl\.m2\repository\org\springframework\data\spring-data-commons\2.6.4\spring-data-commons-2.6.4.jar;C:\Users\bodl\.m2\repository\org\springframework\spring-orm\5.3.19\spring-orm-5.3.19.jar;C:\Users\bodl\.m2\repository\org\springframework\spring-aspects\5.3.19\spring-aspects-5.3.19.jar;C:\Users\bodl\.m2\repository\org\projectlombok\lombok\1.18.24\lombok-1.18.24.jar;C:\Users\bodl\.m2\repository\jakarta\xml\bind\jakarta.xml.bind-api\2.3.3\jakarta.xml.bind-api-2.3.3.jar;C:\Users\bodl\.m2\repository\jakarta\activation\jakarta.activation-api\1.2.2\jakarta.activation-api-1.2.2.jar;C:\Users\bodl\.m2\repository\org\springframework\spring-core\5.3.19\spring-core-5.3.19.jar;C:\Users\bodl\.m2\repository\org\springframework\spring-jcl\5.3.19\spring-jcl-5.3.19.jar;C:\Users\bodl\.m2\repository\org\springframework\kafka\spring-kafka\2.8.5\spring-kafka-2.8.5.jar;C:\Users\bodl\.m2\repository\org\springframework\spring-context\5.3.19\spring-context-5.3.19.jar;C:\Users\bodl\.m2\repository\org\springframework\spring-tx\5.3.19\spring-tx-5.3.19.jar;C:\Users\bodl\.m2\repository\org\springframework\retry\spring-retry\1.3.3\spring-retry-1.3.3.jar;C:\Users\bodl\.m2\repository\org\apache\kafka\kafka-clients\3.0.1\kafka-clients-3.0.1.jar;C:\Users\bodl\.m2\repository\com\github\luben\zstd-jni\1.5.0-2\zstd-jni-1.5.0-2.jar;C:\Users\bodl\.m2\repository\org\lz4\lz4-java\1.7.1\lz4-java-1.7.1.jar;C:\Users\bodl\.m2\repository\org\xerial\snappy\snappy-java\1.1.8.1\snappy-java-1.1.8.1.jar;C:\Users\bodl\.m2\repository\com\google\code\findbugs\jsr305\3.0.2\jsr305-3.0.2.jar;C:\Users\bodl\.m2\repository\org\mapstruct\mapstruct\1.4.2.Final\mapstruct-1.4.2.Final.jar;C:\Users\bodl\.m2\repository\org\mapstruct\mapstruct-processor\1.4.2.Final\mapstruct-processor-1.4.2.Final.jar;C:\Users\bodl\.m2\repository\org\springframework\boot\spring-boot-starter-validation\2.6.7\spring-boot-starter-validation-2.6.7.jar;C:\Users\bodl\.m2\repository\org\apache\tomcat\embed\tomcat-embed-el\9.0.62\tomcat-embed-el-9.0.62.jar;C:\Users\bodl\.m2\repository\org\hibernate\validator\hibernate-validator\6.2.3.Final\hibernate-validator-6.2.3.Final.jar;C:\Users\bodl\.m2\repository\jakarta\validation\jakarta.validation-api\2.0.2\jakarta.validation-api-2.0.2.jar;C:\Users\bodl\.m2\repository\org\springframework\boot\spring-boot-starter-tomcat\2.6.7\spring-boot-starter-tomcat-2.6.7.jar;C:\Users\bodl\.m2\repository\jakarta\annotation\jakarta.annotation-api\1.3.5\jakarta.annotation-api-1.3.5.jar;C:\Users\bodl\.m2\repository\org\apache\tomcat\embed\tomcat-embed-core\9.0.62\tomcat-embed-core-9.0.62.jar;C:\Users\bodl\.m2\repository\org\apache\tomcat\embed\tomcat-embed-websocket\9.0.62\tomcat-embed-websocket-9.0.62.jar;C:\Users\bodl\.m2\repository\mysql\mysql-connector-java\8.0.28\mysql-connector-java-8.0.28.jar;C:\Users\bodl\.m2\repository\io\confluent\kafka-avro-serializer\5.5.1\kafka-avro-serializer-5.5.1.jar;C:\Users\bodl\.m2\repository\org\apache\avro\avro\1.9.2\avro-1.9.2.jar;C:\Users\bodl\.m2\repository\com\fasterxml\jackson\core\jackson-core\2.13.2\jackson-core-2.13.2.jar;C:\Users\bodl\.m2\repository\org\apache\commons\commons-compress\1.19\commons-compress-1.19.jar;C:\Users\bodl\.m2\repository\io\confluent\kafka-schema-serializer\5.5.1\kafka-schema-serializer-5.5.1.jar;C:\Users\bodl\.m2\repository\io\confluent\kafka-schema-registry-client\5.5.1\kafka-schema-registry-client-5.5.1.jar;C:\Users\bodl\.m2\repository\javax\ws\rs\javax.ws.rs-api\2.1.1\javax.ws.rs-api-2.1.1.jar;C:\Users\bodl\.m2\repository\org\glassfish\jersey\core\jersey-common\2.35\jersey-common-2.35.jar;C:\Users\bodl\.m2\repository\jakarta\ws\rs\jakarta.ws.rs-api\2.1.6\jakarta.ws.rs-api-2.1.6.jar;C:\Users\bodl\.m2\repository\org\glassfish\hk2\external\jakarta.inject\2.6.1\jakarta.inject-2.6.1.jar;C:\Users\bodl\.m2\repository\org\glassfish\hk2\osgi-resource-locator\1.0.3\osgi-resource-locator-1.0.3.jar;C:\Users\bodl\.m2\repository\io\confluent\common-config\5.5.1\common-config-5.5.1.jar;C:\Users\bodl\.m2\repository\io\confluent\common-utils\5.5.1\common-utils-5.5.1.jar;C:\Users\bodl\.m2\repository\org\apache\commons\commons-lang3\3.12.0\commons-lang3-3.12.0.jar;C:\Users\bodl\.m2\repository\com\h2database\h2\1.4.200\h2-1.4.200.jar;C:\Users\bodl\.m2\repository\org\flywaydb\flyway-core\8.0.5\flyway-core-8.0.5.jar;C:\Users\bodl\.m2\repository\com\google\code\gson\gson\2.8.9\gson-2.8.9.jar;C:\Users\bodl\.m2\repository\io\springfox\springfox-swagger2\2.7.0\springfox-swagger2-2.7.0.jar;C:\Users\bodl\.m2\repository\io\swagger\swagger-annotations\1.5.13\swagger-annotations-1.5.13.jar;C:\Users\bodl\.m2\repository\io\swagger\swagger-models\1.5.13\swagger-models-1.5.13.jar;C:\Users\bodl\.m2\repository\io\springfox\springfox-spi\2.7.0\springfox-spi-2.7.0.jar;C:\Users\bodl\.m2\repository\io\springfox\springfox-core\2.7.0\springfox-core-2.7.0.jar;C:\Users\bodl\.m2\repository\io\springfox\springfox-schema\2.7.0\springfox-schema-2.7.0.jar;C:\Users\bodl\.m2\repository\io\springfox\springfox-swagger-common\2.7.0\springfox-swagger-common-2.7.0.jar;C:\Users\bodl\.m2\repository\io\springfox\springfox-spring-web\2.7.0\springfox-spring-web-2.7.0.jar;C:\Users\bodl\.m2\repository\org\reflections\reflections\0.9.11\reflections-0.9.11.jar;C:\Users\bodl\.m2\repository\org\javassist\javassist\3.21.0-GA\javassist-3.21.0-GA.jar;C:\Users\bodl\.m2\repository\com\google\guava\guava\18.0\guava-18.0.jar;C:\Users\bodl\.m2\repository\com\fasterxml\classmate\1.5.1\classmate-1.5.1.jar;C:\Users\bodl\.m2\repository\org\slf4j\slf4j-api\1.7.36\slf4j-api-1.7.36.jar;C:\Users\bodl\.m2\repository\org\springframework\plugin\spring-plugin-core\1.2.0.RELEASE\spring-plugin-core-1.2.0.RELEASE.jar;C:\Users\bodl\.m2\repository\org\springframework\plugin\spring-plugin-metadata\1.2.0.RELEASE\spring-plugin-metadata-1.2.0.RELEASE.jar;C:\Users\bodl\.m2\repository\io\springfox\springfox-swagger-ui\2.7.0\springfox-swagger-ui-2.7.0.jar;C:\Users\bodl\.m2\repository\org\springframework\security\spring-security-crypto\5.6.3\spring-security-crypto-5.6.3.jar;C:\Users\bodl\.m2\repository\com\auth0\java-jwt\3.10.3\java-jwt-3.10.3.jar;C:\Users\bodl\.m2\repository\com\fasterxml\jackson\core\jackson-databind\2.13.2.1\jackson-databind-2.13.2.1.jar;C:\Users\bodl\.m2\repository\commons-codec\commons-codec\1.15\commons-codec-1.15.jar;C:\Users\bodl\.m2\repository\io\jsonwebtoken\jjwt\0.9.0\jjwt-0.9.0.jar;C:\Users\bodl\.m2\repository\org\springframework\security\oauth\boot\spring-security-oauth2-autoconfigure\2.1.8.RELEASE\spring-security-oauth2-autoconfigure-2.1.8.RELEASE.jar;C:\Users\bodl\.m2\repository\com\fasterxml\jackson\core\jackson-annotations\2.13.2\jackson-annotations-2.13.2.jar;C:\Users\bodl\.m2\repository\javax\xml\bind\jaxb-api\2.3.1\jaxb-api-2.3.1.jar;C:\Users\bodl\.m2\repository\javax\activation\javax.activation-api\1.2.0\javax.activation-api-1.2.0.jar;C:\Users\bodl\.m2\repository\org\springframework\boot\spring-boot\2.6.7\spring-boot-2.6.7.jar;C:\Users\bodl\.m2\repository\org\springframework\boot\spring-boot-autoconfigure\2.6.7\spring-boot-autoconfigure-2.6.7.jar;C:\Users\bodl\.m2\repository\org\springframework\security\oauth\spring-security-oauth2\2.3.5.RELEASE\spring-security-oauth2-2.3.5.RELEASE.jar;C:\Users\bodl\.m2\repository\org\codehaus\jackson\jackson-mapper-asl\1.9.13\jackson-mapper-asl-1.9.13.jar;C:\Users\bodl\.m2\repository\org\codehaus\jackson\jackson-core-asl\1.9.13\jackson-core-asl-1.9.13.jar;C:\Users\bodl\.m2\repository\org\springframework\security\spring-security-jwt\1.0.10.RELEASE\spring-security-jwt-1.0.10.RELEASE.jar;C:\Users\bodl\.m2\repository\org\bouncycastle\bcpkix-jdk15on\1.60\bcpkix-jdk15on-1.60.jar;C:\Users\bodl\.m2\repository\org\bouncycastle\bcprov-jdk15on\1.60\bcprov-jdk15on-1.60.jar;C:\Users\bodl\.m2\repository\org\glassfish\jaxb\jaxb-runtime\2.3.6\jaxb-runtime-2.3.6.jar;C:\Users\bodl\.m2\repository\org\glassfish\jaxb\txw2\2.3.6\txw2-2.3.6.jar;C:\Users\bodl\.m2\repository\com\sun\istack\istack-commons-runtime\3.0.12\istack-commons-runtime-3.0.12.jar;C:\Users\bodl\.m2\repository\com\sun\activation\jakarta.activation\1.2.2\jakarta.activation-1.2.2.jar;C:\Users\bodl\.m2\repository\org\springframework\boot\spring-boot-starter-security\2.6.7\spring-boot-starter-security-2.6.7.jar;C:\Users\bodl\.m2\repository\org\springframework\spring-aop\5.3.19\spring-aop-5.3.19.jar;C:\Users\bodl\.m2\repository\org\springframework\security\spring-security-core\5.6.3\spring-security-core-5.6.3.jar;C:\Users\bodl\.m2\repository\org\springframework\spring-beans\5.3.19\spring-beans-5.3.19.jar;C:\Users\bodl\.m2\repository\org\springframework\spring-expression\5.3.19\spring-expression-5.3.19.jar;C:\Users\bodl\.m2\repository\org\springframework\security\spring-security-web\5.6.3\spring-security-web-5.6.3.jar;C:\Users\bodl\.m2\repository\org\springframework\security\spring-security-config\5.6.3\spring-security-config-5.6.3.jar
Launcher Type: SUN_STANDARD

[Global flags]
     intx CICompilerCount                          = 4                                         {product} {ergonomic}
     uint ConcGCThreads                            = 2                                         {product} {ergonomic}
     uint G1ConcRefinementThreads                  = 8                                         {product} {ergonomic}
   size_t G1HeapRegionSize                         = 2097152                                   {product} {ergonomic}
    uintx GCDrainStackTargetSize                   = 64                                        {product} {ergonomic}
   size_t InitialHeapSize                          = 264241152                                 {product} {ergonomic}
     bool ManagementServer                         = true                                      {product} {command line}
   size_t MarkStackSize                            = 4194304                                   {product} {ergonomic}
   size_t MaxHeapSize                              = 4198498304                                {product} {ergonomic}
   size_t MaxNewSize                               = 2518679552                                {product} {ergonomic}
   size_t MinHeapDeltaBytes                        = 2097152                                   {product} {ergonomic}
   size_t MinHeapSize                              = 8388608                                   {product} {ergonomic}
    uintx NonProfiledCodeHeapSize                  = 0                                      {pd product} {ergonomic}
     bool ProfileInterpreter                       = false                                  {pd product} {command line}
    uintx ProfiledCodeHeapSize                     = 0                                      {pd product} {ergonomic}
   size_t SoftMaxHeapSize                          = 4198498304                             {manageable} {ergonomic}
     intx TieredStopAtLevel                        = 1                                         {product} {command line}
     bool UseCompressedClassPointers               = true                           {product lp64_product} {ergonomic}
     bool UseCompressedOops                        = true                           {product lp64_product} {ergonomic}
     bool UseG1GC                                  = true                                      {product} {ergonomic}
     bool UseLargePagesIndividualAllocation        = false                                  {pd product} {ergonomic}

Logging:
Log output configuration:
 #0: stdout all=warning uptime,level,tags foldmultilines=false
 #1: stderr all=off uptime,level,tags foldmultilines=false

Environment Variables:
JAVA_HOME=C:\Program Files\Java\jdk-18.0.2.1
PATH=C:/Program Files/Java/jre1.8.0_431/bin/server;C:/Program Files/Java/jre1.8.0_431/bin;C:/Program Files/Java/jre1.8.0_431/lib/amd64;C:\Program Files\Common Files\Oracle\Java\javapath;C:\Program Files (x86)\Common Files\Oracle\Java\java8path;C:\Program Files (x86)\Common Files\Oracle\Java\javapath;C:\Python311\Scripts\;C:\Python311\;C:\Windows\system32;C:\Windows;C:\Windows\System32\Wbem;C:\Windows\System32\WindowsPowerShell\v1.0\;C:\Windows\System32\OpenSSH\;C:\ProgramData\chocolatey\bin;c:;C:\Program Files\nodejs;C:\Program Files\nodejs;C:\Program Files\Amazon\AWSCLIV2\;c:;C:\Program Files\nodejs;C:\Program Files (x86)\gnupg\bin;C:\Program Files\Amazon\ECSCLI;C:\Program Files\nodejs\;C:\Program Files\Git\cmd;C:\Program Files\PuTTY\;C:\Program Files\Common Files\Oracle\Java\javapath;C:\Program Files (x86)\Common Files\Oracle\Java\java8path;C:\Program Files (x86)\Common Files\Oracle\Java\javapath;C:\Python311\Scripts\;C:\Python311\;C:\Windows\system32;C:\Windows;C:\Windows\System32\Wbem;C:\Windows\System32\WindowsPowerShell\v1.0\;C:\Windows\System32\OpenSSH\;C:\ProgramData\chocolatey\bin;c:;C:\Program Files\nodejs;C:\Program Files\nodejs;C:\Program Files\Amazon\AWSCLIV2\;c:;C:\Program Files\nodejs;C:\Program Files (x86)\gnupg\bin;C:\Program Files\Amazon\ECSCLI;C:\Program Files\nodejs\;C:\Program Files\Git\cmd;C:\Program Files\PuTTY\;C:\Program Files\Amazon\ECSCLI;C:\Users\bodl\AppData\Local\Programs\Microsoft VS Code\bin;C:\Users\bodl\AppData\Roaming\npm;;C:\Users\bodl\sts;
USERNAME=bodl
OS=Windows_NT
PROCESSOR_IDENTIFIER=Intel64 Family 6 Model 142 Stepping 12, GenuineIntel



---------------  S Y S T E M  ---------------

OS:
 Windows 10 , 64 bit Build 19041 (10.0.19041.5072)
OS uptime: 4 days 15:24 hours
Hyper-V role detected

CPU: total 8 (initial active 8) (4 cores per cpu, 2 threads per core) family 6 model 142 stepping 12 microcode 0xde, cx8, cmov, fxsr, ht, mmx, 3dnowpref, sse, sse2, sse3, ssse3, sse4.1, sse4.2, popcnt, lzcnt, tsc, tscinvbit, avx, avx2, aes, erms, clmul, bmi1, bmi2, adx, fma, vzeroupper, clflush, clflushopt, hv

Memory: 4k page, system-wide physical 16012M (2206M free)
TotalPageFile size 24716M (AvailPageFile size 5064M)
current process WorkingSet (physical memory assigned to process): 245M, peak: 248M
current process commit charge ("private bytes"): 288M, peak: 382M

vm_info: Java HotSpot(TM) 64-Bit Server VM (18.0.2.1+1-1) for windows-amd64 JRE (18.0.2.1+1-1), built on Aug 16 2022 01:46:33 by "mach5one" with MS VC++ 16.8 / 16.9 (VS2019)

END.
