#
# A fatal error has been detected by the Java Runtime Environment:
#
#  EXCEPTION_ACCESS_VIOLATION (0xc0000005) at pc=0x00007ff9f20f0eca, pid=14052, tid=4164
#
# JRE version: Java(TM) SE Runtime Environment (18.0.2.1+1) (build 18.0.2.1+1-1)
# Java VM: Java HotSpot(TM) 64-Bit Server VM (18.0.2.1+1-1, mixed mode, emulated-client, sharing, tiered, compressed oops, compressed class ptrs, g1 gc, windows-amd64)
# Problematic frame:
# V  [jvm.dll+0x760eca]
#
# No core dump will be written. Minidumps are not enabled by default on client versions of Windows
#
# If you would like to submit a bug report, please visit:
#   https://bugreport.java.com/bugreport/crash.jsp
#

---------------  S U M M A R Y ------------

Command Line: -agentlib:jdwp=transport=dt_socket,suspend=y,address=localhost:62799 -Dcom.sun.management.jmxremote -Dcom.sun.management.jmxremote.port=62797 -Dcom.sun.management.jmxremote.authenticate=false -Dcom.sun.management.jmxremote.ssl=false -Djava.rmi.server.hostname=localhost -Dspring.jmx.enabled=true -Dspring.liveBeansView.mbeanDomain -Dspring.application.admin.enabled=true -Xverify:none -XX:TieredStopAtLevel=1 -Dfile.encoding=UTF-8 br.com.vinculos.VinculosMsApplication --spring.output.ansi.enabled=always

Host: Intel(R) Core(TM) i5-10210U CPU @ 1.60GHz, 8 cores, 15G,  Windows 10 , 64 bit Build 19041 (10.0.19041.5072)
Time: Sun Dec  8 21:59:02 2024 Hora oficial do Brasil elapsed time: 313.697637 seconds (0d 0h 5m 13s)

---------------  T H R E A D  ---------------

Current thread (0x0000022328df7c00):  JavaThread "JDWP Transport Listener: dt_socket" daemon [_thread_in_vm, id=4164, stack(0x0000008524300000,0x0000008524400000)]

Stack: [0x0000008524300000,0x0000008524400000],  sp=0x00000085243ff380,  free space=1020k
Native frames: (J=compiled Java code, j=interpreted, Vv=VM code, C=native code)
V  [jvm.dll+0x760eca]
V  [jvm.dll+0x52c54c]
V  [jvm.dll+0x4f3d5b]
C  [jdwp.dll+0x230a7]


siginfo: EXCEPTION_ACCESS_VIOLATION (0xc0000005), reading address 0x0000000000ee001b


Register to memory mapping:

RIP=0x00007ff9f20f0eca jvm.dll
RAX=0x00000000000000ed is an unknown value
RBX=0x0000022324ad889b points into unknown readable memory: 3b 00 3b 00 6f
RCX=0x0000000000ee0017 is an unknown value
RDX=0x000002232b966cb0 points into unknown readable memory: 0x2f6d6f632f72624c | 4c 62 72 2f 63 6f 6d 2f
RSP=0x00000085243ff380 is pointing into the stack for thread: 0x0000022328df7c00
RBP=0x0000022328dedcd0 points into unknown readable memory: 0x0000000000000002 | 02 00 00 00 00 00 00 00
RSI=0x0 is NULL
RDI=0xffffffffffffffff is an unknown value
R8 =0x000000000000000d is an unknown value
R9 =0x0000000000000018 is an unknown value
R10=0x0 is NULL
R11=0x00000085243ff3a0 is pointing into the stack for thread: 0x0000022328df7c00
R12=0x00000085243ff4d8 is pointing into the stack for thread: 0x0000022328df7c00
R13=0x0 is NULL
R14=0x0000000800ebf360 is a pointer to class: 
br.com.vinculos.validators.impl.ValidarVinculoResidencia {0x0000000800ebf368}
 - instance size:     3
 - klass size:        79
 - access:            public synchronized 
 - state:             fully_initialized
 - name:              'br/com/vinculos/validators/impl/ValidarVinculoResidencia'
 - super:             'java/lang/Object'
 - sub:               
 - arrays:            NULL
 - methods:           Array<T>(0x0000022327d25fd0)
 - method ordering:   Array<T>(0x0000022327d26b00)
 - default_methods:   Array<T>(0x0000000000000000)
 - local interfaces:  Array<T>(0x0000022325c98920)
 - trans. interfaces: Array<T>(0x0000022325c98920)
 - constants:         constant pool [260]/operands[7] {0x0000022327d28170} for 'br/com/vinculos/validators/impl/ValidarVinculoResidencia' cache=0x0000022327d28aa8
 - class loader data:  loader data: 0x0000022324b24770 for instance a 'jdk/internal/loader/ClassLoaders$AppClassLoader'{0x00000007060cdc00}
 - source file:       'ValidarVinculoResidencia.java'
 - class annotations:       Array<T>(0x0000022327d26aa8)
 - class type annotations:  Array<T>(0x0000000000000000)
 - field annotations:       Array<T>(0x0000022327d25f50)
 - field type annotations:  Array<T>(0x0000000000000000)
 - generic signature: '
[error occurred during error reporting (printing register info), id 0xc0000005, EXCEPTION_ACCESS_VIOLATION (0xc0000005) at pc=0x00007ff9f20f1ad6]

Registers:
RAX=0x00000000000000ed, RBX=0x0000022324ad889b, RCX=0x0000000000ee0017, RDX=0x000002232b966cb0
RSP=0x00000085243ff380, RBP=0x0000022328dedcd0, RSI=0x0000000000000000, RDI=0xffffffffffffffff
R8 =0x000000000000000d, R9 =0x0000000000000018, R10=0x0000000000000000, R11=0x00000085243ff3a0
R12=0x00000085243ff4d8, R13=0x0000000000000000, R14=0x0000000800ebf360, R15=0x00000085243ff500
RIP=0x00007ff9f20f0eca, EFLAGS=0x0000000000010202

Top of Stack: (sp=0x00000085243ff380)
0x00000085243ff380:   0000000000000038 0000000800ebf360
0x00000085243ff390:   0000000000000000 00007ff9f1e7fe23
0x00000085243ff3a0:   ffffffffffffffff 00007ff9f1ebc54c
0x00000085243ff3b0:   0000022324ad889b 0000022328dedcd0
0x00000085243ff3c0:   0000000000000000 0000000000000000
0x00000085243ff3d0:   0000022324ad8810 00000000000003d8
0x00000085243ff3e0:   0000022324ad8820 0000022324ad8bf8
0x00000085243ff3f0:   0000000000019101 00000085243ff4d8
0x00000085243ff400:   0000000000000007 0000022328df7e90
0x00000085243ff410:   0000000706abd5a8 00007ff9f1e83d5b
0x00000085243ff420:   0000022328df7c00 00000085243ff500
0x00000085243ff430:   000002230c17ccb0 00000085243ff500
0x00000085243ff440:   0000022328df7c00 0000000000000000
0x00000085243ff450:   0000000000000000 0000000000000000
0x00000085243ff460:   0000022329bdf810 00007ffa76ed30a7
0x00000085243ff470:   00000085243ff4f8 00007ffa76ee1718 

Instructions: (pc=0x00007ff9f20f0eca)
0x00007ff9f20f0dca:   48 8b f8 48 85 db 74 08 48 8b cb e8 16 ad f0 ff
0x00007ff9f20f0dda:   48 8b 5c 24 30 48 8b c7 48 83 c4 20 5f c3 8d 42
0x00007ff9f20f0dea:   06 83 ff 02 b9 08 00 00 00 0f 4e c1 45 33 c0 48
0x00007ff9f20f0dfa:   63 c8 48 83 c1 07 83 e1 f8 48 63 c9 41 8d 50 0b
0x00007ff9f20f0e0a:   48 83 c4 20 5f e9 1c 23 95 ff cc cc cc cc cc cc
0x00007ff9f20f0e1a:   cc cc cc cc cc cc 83 fa 02 8d 42 06 b9 08 00 00
0x00007ff9f20f0e2a:   00 4d 8b c8 0f 4e c1 48 63 c8 49 8b 40 18 48 83
0x00007ff9f20f0e3a:   c1 07 83 e1 f8 48 63 d1 49 8b 48 20 48 2b c8 48
0x00007ff9f20f0e4a:   3b ca 72 09 48 8d 0c 10 49 89 48 18 c3 45 33 c0
0x00007ff9f20f0e5a:   49 8b c9 e9 fe 80 95 ff cc cc cc cc cc cc cc cc
0x00007ff9f20f0e6a:   cc cc cc cc cc cc 4c 8b d2 4c 8b d9 45 85 c0 7e
0x00007ff9f20f0e7a:   3c 44 0f b7 49 04 41 8d 40 ff 41 3b c1 44 0f 4c
0x00007ff9f20f0e8a:   c8 4d 63 c1 45 85 c9 7e 1f 48 8b c2 4c 2b da 49
0x00007ff9f20f0e9a:   8b d0 0f 1f 40 00 41 0f b6 4c 03 06 88 08 48 8d
0x00007ff9f20f0eaa:   40 01 48 83 ea 01 75 ee 43 c6 04 10 00 49 8b c2
0x00007ff9f20f0eba:   c3 cc cc cc cc cc 48 89 5c 24 08 57 48 83 ec 20
0x00007ff9f20f0eca:   0f b7 59 04 48 8b f9 33 d2 48 8d 4b 01 e8 14 d4
0x00007ff9f20f0eda:   f8 ff 0f b7 57 04 4c 8b c0 3b da 0f 42 d3 44 8b
0x00007ff9f20f0eea:   ca 85 d2 74 39 48 2b f8 0f 1f 40 00 66 66 0f 1f
0x00007ff9f20f0efa:   84 00 00 00 00 00 0f b6 4c 07 06 88 08 48 ff c0
0x00007ff9f20f0f0a:   48 8b c8 49 2b c8 49 3b c9 7c eb 42 c6 04 02 00
0x00007ff9f20f0f1a:   49 8b c0 48 8b 5c 24 30 48 83 c4 20 5f c3 48 8b
0x00007ff9f20f0f2a:   5c 24 30 c6 04 02 00 48 83 c4 20 5f c3 cc cc cc
0x00007ff9f20f0f3a:   cc cc cc cc cc cc 4c 8b d1 45 85 c0 7e 6c 44 0f
0x00007ff9f20f0f4a:   b7 49 04 41 8d 40 ff 41 3b c1 44 0f 4c c8 4d 63
0x00007ff9f20f0f5a:   d9 45 85 c9 7e 22 48 8b ca 4c 2b d2 4d 8b c3 0f
0x00007ff9f20f0f6a:   1f 80 00 00 00 00 41 0f b6 44 0a 06 88 01 48 8d
0x00007ff9f20f0f7a:   49 01 49 83 e8 01 75 ee 41 c6 04 13 00 48 c7 c0
0x00007ff9f20f0f8a:   ff ff ff ff 66 90 48 ff c0 80 3c 02 00 75 f7 48
0x00007ff9f20f0f9a:   63 c8 85 c0 48 8b c2 7e 14 80 38 2f 75 03 c6 00
0x00007ff9f20f0faa:   2e 48 ff c0 48 83 e9 01 75 ef 48 8b c2 c3 cc cc
0x00007ff9f20f0fba:   cc cc cc cc cc cc 48 83 ec 28 e8 f7 fe ff ff 4c 


Stack slot to memory mapping:
stack at sp + 0 slots: 0x0000000000000038 is an unknown value
stack at sp + 1 slots: 0x0000000800ebf360 is a pointer to class: 
br.com.vinculos.validators.impl.ValidarVinculoResidencia {0x0000000800ebf368}
 - instance size:     3
 - klass size:        79
 - access:            public synchronized 
 - state:             fully_initialized
 - name:              'br/com/vinculos/validators/impl/ValidarVinculoResidencia'
 - super:             'java/lang/Object'
 - sub:               
 - arrays:            NULL
 - methods:           Array<T>(0x0000022327d25fd0)
 - method ordering:   Array<T>(0x0000022327d26b00)
 - default_methods:   Array<T>(0x0000000000000000)
 - local interfaces:  Array<T>(0x0000022325c98920)
 - trans. interfaces: Array<T>(0x0000022325c98920)
 - constants:         constant pool [260]/operands[7] {0x0000022327d28170} for 'br/com/vinculos/validators/impl/ValidarVinculoResidencia' cache=0x0000022327d28aa8
 - class loader data:  loader data: 0x0000022324b24770 for instance a 'jdk/internal/loader/ClassLoaders$AppClassLoader'{0x00000007060cdc00}
 - source file:       'ValidarVinculoResidencia.java'
 - class annotations:       Array<T>(0x0000022327d26aa8)
 - class type annotations:  Array<T>(0x0000000000000000)
 - field annotations:       Array<T>(0x0000022327d25f50)
 - field type annotations:  Array<T>(0x0000000000000000)
 - generic signature: '
[error occurred during error reporting (inspecting top of stack), id 0xc0000005, EXCEPTION_ACCESS_VIOLATION (0xc0000005) at pc=0x00007ff9f20f1ad6]


---------------  P R O C E S S  ---------------

Threads class SMR info:
_java_thread_list=0x000002232b9ea8f0, length=34, elements={
0x0000022324a9be70, 0x0000022324a9c9e0, 0x0000022324ab62b0, 0x0000022324ab7b70,
0x0000022324ab8420, 0x0000022324abace0, 0x0000022324abb6d0, 0x0000022324abc710,
0x0000022324a89bb0, 0x0000022328df7c00, 0x0000022328dfaaa0, 0x0000022328dfbfc0,
0x0000022328e0a610, 0x0000022329821bc0, 0x00000223298468a0, 0x0000022329929af0,
0x000002232abcc960, 0x000002232abcce20, 0x000002232ab85050, 0x000002232ac741e0,
0x000002232ac72500, 0x000002232ac71690, 0x000002232ac72ea0, 0x000002232ac74b80,
0x000002232ac73370, 0x000002232ac71b60, 0x000002232ac75050, 0x000002232ac73840,
0x000002232ac73d10, 0x000002232ba224d0, 0x000002232ba26360, 0x000002232ba26830,
0x000002232ba23340, 0x000002232ba22e70
}

Java Threads: ( => current thread )
  0x0000022324a9be70 JavaThread "Reference Handler" daemon [_thread_blocked, id=23456, stack(0x0000008523800000,0x0000008523900000)]
  0x0000022324a9c9e0 JavaThread "Finalizer" daemon [_thread_blocked, id=19960, stack(0x0000008523900000,0x0000008523a00000)]
  0x0000022324ab62b0 JavaThread "Signal Dispatcher" daemon [_thread_blocked, id=21464, stack(0x0000008523a00000,0x0000008523b00000)]
  0x0000022324ab7b70 JavaThread "Attach Listener" daemon [_thread_blocked, id=19080, stack(0x0000008523b00000,0x0000008523c00000)]
  0x0000022324ab8420 JavaThread "Service Thread" daemon [_thread_blocked, id=20788, stack(0x0000008523c00000,0x0000008523d00000)]
  0x0000022324abace0 JavaThread "Monitor Deflation Thread" daemon [_thread_blocked, id=20196, stack(0x0000008523d00000,0x0000008523e00000)]
  0x0000022324abb6d0 JavaThread "C1 CompilerThread0" daemon [_thread_blocked, id=22524, stack(0x0000008523e00000,0x0000008523f00000)]
  0x0000022324abc710 JavaThread "Sweeper thread" daemon [_thread_blocked, id=22100, stack(0x0000008523f00000,0x0000008524000000)]
  0x0000022324a89bb0 JavaThread "Common-Cleaner" daemon [_thread_blocked, id=17728, stack(0x0000008524000000,0x0000008524100000)]
=>0x0000022328df7c00 JavaThread "JDWP Transport Listener: dt_socket" daemon [_thread_in_vm, id=4164, stack(0x0000008524300000,0x0000008524400000)]
  0x0000022328dfaaa0 JavaThread "JDWP Event Helper Thread" daemon [_thread_blocked, id=11204, stack(0x0000008524400000,0x0000008524500000)]
  0x0000022328dfbfc0 JavaThread "JDWP Command Reader" daemon [_thread_in_native, id=21376, stack(0x0000008524500000,0x0000008524600000)]
  0x0000022328e0a610 JavaThread "Notification Thread" daemon [_thread_blocked, id=9816, stack(0x0000008524600000,0x0000008524700000)]
  0x0000022329821bc0 JavaThread "RMI TCP Accept-0" daemon [_thread_in_native, id=19004, stack(0x0000008524700000,0x0000008524800000)]
  0x00000223298468a0 JavaThread "RMI TCP Accept-62797" daemon [_thread_in_native, id=1932, stack(0x0000008524800000,0x0000008524900000)]
  0x0000022329929af0 JavaThread "RMI TCP Accept-0" daemon [_thread_in_native, id=22692, stack(0x0000008524900000,0x0000008524a00000)]
  0x000002232abcc960 JavaThread "Catalina-utility-1" [_thread_blocked, id=22412, stack(0x0000008525600000,0x0000008525700000)]
  0x000002232abcce20 JavaThread "Catalina-utility-2" [_thread_blocked, id=11776, stack(0x0000008525700000,0x0000008525800000)]
  0x000002232ab85050 JavaThread "container-0" [_thread_blocked, id=21696, stack(0x0000008525800000,0x0000008525900000)]
  0x000002232ac741e0 JavaThread "mysql-cj-abandoned-connection-cleanup" daemon [_thread_blocked, id=19380, stack(0x0000008525900000,0x0000008525a00000)]
  0x000002232ac72500 JavaThread "HikariPool-1 housekeeper" daemon [_thread_blocked, id=15260, stack(0x0000008525b00000,0x0000008525c00000)]
  0x000002232ac71690 JavaThread "http-nio-8085-exec-1" daemon [_thread_blocked, id=20356, stack(0x0000008525d00000,0x0000008525e00000)]
  0x000002232ac72ea0 JavaThread "http-nio-8085-exec-2" daemon [_thread_blocked, id=14888, stack(0x0000008525e00000,0x0000008525f00000)]
  0x000002232ac74b80 JavaThread "http-nio-8085-exec-3" daemon [_thread_blocked, id=5576, stack(0x0000008525f00000,0x0000008526000000)]
  0x000002232ac73370 JavaThread "http-nio-8085-exec-4" daemon [_thread_blocked, id=19448, stack(0x0000008526000000,0x0000008526100000)]
  0x000002232ac71b60 JavaThread "http-nio-8085-exec-5" daemon [_thread_blocked, id=19012, stack(0x0000008526100000,0x0000008526200000)]
  0x000002232ac75050 JavaThread "http-nio-8085-exec-6" daemon [_thread_blocked, id=22252, stack(0x0000008526200000,0x0000008526300000)]
  0x000002232ac73840 JavaThread "http-nio-8085-exec-7" daemon [_thread_blocked, id=22668, stack(0x0000008526300000,0x0000008526400000)]
  0x000002232ac73d10 JavaThread "http-nio-8085-exec-8" daemon [_thread_blocked, id=10964, stack(0x0000008526400000,0x0000008526500000)]
  0x000002232ba224d0 JavaThread "http-nio-8085-exec-9" daemon [_thread_blocked, id=17916, stack(0x0000008526500000,0x0000008526600000)]
  0x000002232ba26360 JavaThread "http-nio-8085-exec-10" daemon [_thread_blocked, id=7076, stack(0x0000008526600000,0x0000008526700000)]
  0x000002232ba26830 JavaThread "http-nio-8085-Poller" daemon [_thread_in_native, id=13920, stack(0x0000008526700000,0x0000008526800000)]
  0x000002232ba23340 JavaThread "http-nio-8085-Acceptor" daemon [_thread_in_native, id=4924, stack(0x0000008526800000,0x0000008526900000)]
  0x000002232ba22e70 JavaThread "DestroyJavaVM" [_thread_blocked, id=9440, stack(0x0000008523100000,0x0000008523200000)]

Other Threads:
  0x000002230c21cbd0 VMThread "VM Thread" [stack: 0x0000008523700000,0x0000008523800000] [id=18608]
  0x0000022329932c10 WatcherThread "VM Periodic Task Thread" [stack: 0x0000008524a00000,0x0000008524b00000] [id=2492]
  0x000002230c1fefd0 WorkerThread "GC Thread#0" [stack: 0x0000008523200000,0x0000008523300000] [id=22928]
  0x00000223299dba40 WorkerThread "GC Thread#1" [stack: 0x0000008524c00000,0x0000008524d00000] [id=9876]
  0x00000223299e3f50 WorkerThread "GC Thread#2" [stack: 0x0000008524d00000,0x0000008524e00000] [id=11604]
  0x00000223299e41f0 WorkerThread "GC Thread#3" [stack: 0x0000008524e00000,0x0000008524f00000] [id=15428]
  0x00000223299e4ca0 WorkerThread "GC Thread#4" [stack: 0x0000008524f00000,0x0000008525000000] [id=10252]
  0x00000223299e4f40 WorkerThread "GC Thread#5" [stack: 0x0000008525000000,0x0000008525100000] [id=23032]
  0x0000022329a1f3e0 WorkerThread "GC Thread#6" [stack: 0x0000008525100000,0x0000008525200000] [id=15960]
  0x0000022329a1f680 WorkerThread "GC Thread#7" [stack: 0x0000008525200000,0x0000008525300000] [id=10548]
  0x000002230c211000 ConcurrentGCThread "G1 Main Marker" [stack: 0x0000008523300000,0x0000008523400000] [id=5012]
  0x000002230c211900 WorkerThread "G1 Conc#0" [stack: 0x0000008523400000,0x0000008523500000] [id=14480]
  0x000002232a491230 WorkerThread "G1 Conc#1" [stack: 0x0000008525500000,0x0000008525600000] [id=21576]
  0x0000022324952180 ConcurrentGCThread "G1 Refine#0" [stack: 0x0000008523500000,0x0000008523600000] [id=8968]
  0x0000022328e1cae0 ConcurrentGCThread "G1 Refine#1" [stack: 0x0000008525300000,0x0000008525400000] [id=20416]
  0x0000022328e1d5c0 ConcurrentGCThread "G1 Refine#2" [stack: 0x0000008525400000,0x0000008525500000] [id=16280]
  0x0000022324952840 ConcurrentGCThread "G1 Service" [stack: 0x0000008523600000,0x0000008523700000] [id=18504]

Threads with active compile tasks:

VM state: not at safepoint (normal execution)

VM Mutex/Monitor currently owned by a thread: None

Heap address: 0x0000000705c00000, size: 4004 MB, Compressed Oops mode: Zero based, Oop shift amount: 3

CDS archive(s) mapped at: [0x0000000800000000-0x0000000800ba0000-0x0000000800ba0000), size 12189696, SharedBaseAddress: 0x0000000800000000, ArchiveRelocationMode: 0.
Compressed class space mapped at: 0x0000000800c00000-0x0000000840c00000, reserved size: 1073741824
Narrow klass base: 0x0000000800000000, Narrow klass shift: 0, Narrow klass range: 0x100000000

GC Precious Log:
 CardTable entry size: 512
 Card Set container configuration: InlinePtr #cards 4 size 8 Array Of Cards #cards 16 size 48 Howl #buckets 8 coarsen threshold 3686 Howl Bitmap #cards 512 size 80 coarsen threshold 460 Card regions per heap region 1 cards per card region 4096
 CPUs: 8 total, 8 available
 Memory: 16012M
 Large Page Support: Disabled
 NUMA Support: Disabled
 Compressed Oops: Enabled (Zero based)
 Heap Region Size: 2M
 Heap Min Capacity: 8M
 Heap Initial Capacity: 252M
 Heap Max Capacity: 4004M
 Pre-touch: Disabled
 Parallel Workers: 8
 Concurrent Workers: 2
 Concurrent Refinement Workers: 8
 Periodic GC: Disabled

Heap:
 garbage-first heap   total 90112K, used 61335K [0x0000000705c00000, 0x0000000800000000)
  region size 2048K, 18 young (36864K), 3 survivors (6144K)
 Metaspace       used 57889K, committed 58368K, reserved 1114112K
  class space    used 7978K, committed 8192K, reserved 1048576K

Heap Regions: E=young(eden), S=young(survivor), O=old, HS=humongous(starts), HC=humongous(continues), CS=collection set, F=free, OA=open archive, CA=closed archive, TAMS=top-at-mark-start (previous, next)
|   0|0x0000000705c00000, 0x0000000705e00000, 0x0000000705e00000|100%| O|  |TAMS 0x0000000705e00000, 0x0000000705c00000| Untracked 
|   1|0x0000000705e00000, 0x0000000706000000, 0x0000000706000000|100%| O|  |TAMS 0x0000000706000000, 0x0000000705e00000| Untracked 
|   2|0x0000000706000000, 0x0000000706200000, 0x0000000706200000|100%| O|  |TAMS 0x0000000706200000, 0x0000000706000000| Untracked 
|   3|0x0000000706200000, 0x0000000706400000, 0x0000000706400000|100%| O|  |TAMS 0x0000000706400000, 0x0000000706200000| Untracked 
|   4|0x0000000706400000, 0x0000000706600000, 0x0000000706600000|100%| O|  |TAMS 0x0000000706400000, 0x0000000706400000| Untracked 
|   5|0x0000000706600000, 0x0000000706800000, 0x0000000706800000|100%| O|  |TAMS 0x0000000706800000, 0x0000000706600000| Untracked 
|   6|0x0000000706800000, 0x0000000706a00000, 0x0000000706a00000|100%| O|  |TAMS 0x0000000706a00000, 0x0000000706800000| Untracked 
|   7|0x0000000706a00000, 0x0000000706c00000, 0x0000000706c00000|100%| O|  |TAMS 0x0000000706c00000, 0x0000000706a00000| Untracked 
|   8|0x0000000706c00000, 0x0000000706e00000, 0x0000000706e00000|100%| O|  |TAMS 0x0000000706e00000, 0x0000000706c00000| Untracked 
|   9|0x0000000706e00000, 0x0000000707000000, 0x0000000707000000|100%| O|  |TAMS 0x0000000707000000, 0x0000000706e00000| Untracked 
|  10|0x0000000707000000, 0x0000000707000000, 0x0000000707200000|  0%| F|  |TAMS 0x0000000707000000, 0x0000000707000000| Untracked 
|  11|0x0000000707200000, 0x0000000707400000, 0x0000000707400000|100%| O|  |TAMS 0x0000000707200000, 0x0000000707200000| Untracked 
|  12|0x0000000707400000, 0x0000000707600000, 0x0000000707600000|100%| O|  |TAMS 0x0000000707400000, 0x0000000707400000| Untracked 
|  13|0x0000000707600000, 0x00000007077e5e00, 0x0000000707800000| 94%| O|  |TAMS 0x0000000707600000, 0x0000000707600000| Untracked 
|  14|0x0000000707800000, 0x0000000707800000, 0x0000000707a00000|  0%| F|  |TAMS 0x0000000707800000, 0x0000000707800000| Untracked 
|  15|0x0000000707a00000, 0x0000000707a00000, 0x0000000707c00000|  0%| F|  |TAMS 0x0000000707a00000, 0x0000000707a00000| Untracked 
|  16|0x0000000707c00000, 0x0000000707c00000, 0x0000000707e00000|  0%| F|  |TAMS 0x0000000707c00000, 0x0000000707c00000| Untracked 
|  17|0x0000000707e00000, 0x0000000707e00000, 0x0000000708000000|  0%| F|  |TAMS 0x0000000707e00000, 0x0000000707e00000| Untracked 
|  18|0x0000000708000000, 0x0000000708000000, 0x0000000708200000|  0%| F|  |TAMS 0x0000000708000000, 0x0000000708000000| Untracked 
|  19|0x0000000708200000, 0x0000000708200000, 0x0000000708400000|  0%| F|  |TAMS 0x0000000708200000, 0x0000000708200000| Untracked 
|  20|0x0000000708400000, 0x0000000708600000, 0x0000000708600000|100%| S|CS|TAMS 0x0000000708400000, 0x0000000708400000| Complete 
|  21|0x0000000708600000, 0x0000000708800000, 0x0000000708800000|100%| S|CS|TAMS 0x0000000708600000, 0x0000000708600000| Complete 
|  22|0x0000000708800000, 0x0000000708800000, 0x0000000708a00000|  0%| F|  |TAMS 0x0000000708800000, 0x0000000708800000| Untracked 
|  23|0x0000000708a00000, 0x0000000708a00000, 0x0000000708c00000|  0%| F|  |TAMS 0x0000000708a00000, 0x0000000708a00000| Untracked 
|  24|0x0000000708c00000, 0x0000000708e00000, 0x0000000708e00000|100%| S|CS|TAMS 0x0000000708c00000, 0x0000000708c00000| Complete 
|  25|0x0000000708e00000, 0x0000000708e00000, 0x0000000709000000|  0%| F|  |TAMS 0x0000000708e00000, 0x0000000708e00000| Untracked 
|  26|0x0000000709000000, 0x0000000709000000, 0x0000000709200000|  0%| F|  |TAMS 0x0000000709000000, 0x0000000709000000| Untracked 
|  27|0x0000000709200000, 0x0000000709200000, 0x0000000709400000|  0%| F|  |TAMS 0x0000000709200000, 0x0000000709200000| Untracked 
|  28|0x0000000709400000, 0x0000000709400000, 0x0000000709600000|  0%| F|  |TAMS 0x0000000709400000, 0x0000000709400000| Untracked 
|  29|0x0000000709600000, 0x0000000709800000, 0x0000000709800000|100%| E|  |TAMS 0x0000000709600000, 0x0000000709600000| Complete 
|  30|0x0000000709800000, 0x0000000709a00000, 0x0000000709a00000|100%| E|CS|TAMS 0x0000000709800000, 0x0000000709800000| Complete 
|  31|0x0000000709a00000, 0x0000000709c00000, 0x0000000709c00000|100%| E|CS|TAMS 0x0000000709a00000, 0x0000000709a00000| Complete 
|  32|0x0000000709c00000, 0x0000000709e00000, 0x0000000709e00000|100%| E|CS|TAMS 0x0000000709c00000, 0x0000000709c00000| Complete 
|  33|0x0000000709e00000, 0x000000070a000000, 0x000000070a000000|100%| E|CS|TAMS 0x0000000709e00000, 0x0000000709e00000| Complete 
|  34|0x000000070a000000, 0x000000070a200000, 0x000000070a200000|100%| E|CS|TAMS 0x000000070a000000, 0x000000070a000000| Complete 
|  35|0x000000070a200000, 0x000000070a400000, 0x000000070a400000|100%| E|CS|TAMS 0x000000070a200000, 0x000000070a200000| Complete 
|  36|0x000000070a400000, 0x000000070a600000, 0x000000070a600000|100%| E|CS|TAMS 0x000000070a400000, 0x000000070a400000| Complete 
|  37|0x000000070a600000, 0x000000070a800000, 0x000000070a800000|100%| E|CS|TAMS 0x000000070a600000, 0x000000070a600000| Complete 
|  38|0x000000070a800000, 0x000000070aa00000, 0x000000070aa00000|100%| E|CS|TAMS 0x000000070a800000, 0x000000070a800000| Complete 
|  39|0x000000070aa00000, 0x000000070ac00000, 0x000000070ac00000|100%| E|CS|TAMS 0x000000070aa00000, 0x000000070aa00000| Complete 
|  40|0x000000070ac00000, 0x000000070ae00000, 0x000000070ae00000|100%| E|CS|TAMS 0x000000070ac00000, 0x000000070ac00000| Complete 
|  77|0x000000070f600000, 0x000000070f800000, 0x000000070f800000|100%| E|CS|TAMS 0x000000070f600000, 0x000000070f600000| Complete 
|  78|0x000000070f800000, 0x000000070fa00000, 0x000000070fa00000|100%| E|CS|TAMS 0x000000070f800000, 0x000000070f800000| Complete 
| 125|0x0000000715600000, 0x0000000715800000, 0x0000000715800000|100%| E|CS|TAMS 0x0000000715600000, 0x0000000715600000| Complete 

Card table byte_map: [0x0000022319340000,0x0000022319b20000] _byte_map_base: 0x0000022315b12000

Marking Bits (Prev, Next): (CMBitMap*) 0x000002230c2004f0, (CMBitMap*) 0x000002230c200530
 Prev Bits: [0x000002231a300000, 0x000002231e190000)
 Next Bits: [0x000002231e190000, 0x0000022322020000)

Polling page: 0x0000022315260000

Metaspace:

Usage:
  Non-class:     48.74 MB used.
      Class:      7.79 MB used.
       Both:     56.53 MB used.

Virtual space:
  Non-class space:       64.00 MB reserved,      49.00 MB ( 77%) committed,  1 nodes.
      Class space:        1.00 GB reserved,       8.00 MB ( <1%) committed,  1 nodes.
             Both:        1.06 GB reserved,      57.00 MB (  5%) committed. 

Chunk freelists:
   Non-Class:  2.83 MB
       Class:  3.81 MB
        Both:  6.64 MB

MaxMetaspaceSize: unlimited
CompressedClassSpaceSize: 1.00 GB
Initial GC threshold: 21.00 MB
Current GC threshold: 59.50 MB
CDS: on
MetaspaceReclaimPolicy: balanced
 - commit_granule_bytes: 65536.
 - commit_granule_words: 8192.
 - virtual_space_node_default_size: 8388608.
 - enlarge_chunks_in_place: 1.
 - new_chunks_are_fully_committed: 0.
 - uncommit_free_chunks: 1.
 - use_allocation_guard: 0.


Internal statistics:

num_allocs_failed_limit: 9.
num_arena_births: 706.
num_arena_deaths: 0.
num_vsnodes_births: 2.
num_vsnodes_deaths: 0.
num_space_committed: 912.
num_space_uncommitted: 0.
num_chunks_returned_to_freelist: 9.
num_chunks_taken_from_freelist: 2674.
num_chunk_merges: 9.
num_chunk_splits: 1958.
num_chunks_enlarged: 1605.
num_inconsistent_stats: 0.

CodeCache: size=49152Kb used=12072Kb max_used=13579Kb free=37080Kb
 bounds [0x0000022315280000, 0x0000022315fd0000, 0x0000022318280000]
 total_blobs=6821 nmethods=6188 adapters=559
 compilation: enabled
              stopped_count=0, restarted_count=0
 full_count=0

Compilation events (20 events):
Event: 262.478 Thread 0x0000022324abb6d0 6178   !   1       sun.nio.ch.WEPollSelectorImpl::processUpdateQueue (203 bytes)
Event: 262.480 Thread 0x0000022324abb6d0 nmethod 6178 0x0000022315420610 code [0x0000022315420860, 0x0000022315420ef8]
Event: 262.725 Thread 0x0000022324abb6d0 6179       1       java.util.concurrent.locks.ReentrantReadWriteLock$ReadLock::unlock (10 bytes)
Event: 262.726 Thread 0x0000022324abb6d0 nmethod 6179 0x0000022315420210 code [0x00000223154203c0, 0x0000022315420518]
Event: 262.726 Thread 0x0000022324abb6d0 6180       1       java.util.concurrent.locks.ReentrantReadWriteLock$Sync::tryReleaseShared (146 bytes)
Event: 262.728 Thread 0x0000022324abb6d0 nmethod 6180 0x000002231541f810 code [0x000002231541fa00, 0x000002231541fe88]
Event: 263.476 Thread 0x0000022324abb6d0 6181       1       sun.nio.ch.SelectorImpl::end (9 bytes)
Event: 263.477 Thread 0x0000022324abb6d0 nmethod 6181 0x000002231541f010 code [0x000002231541f1c0, 0x000002231541f308]
Event: 263.477 Thread 0x0000022324abb6d0 6182       1       java.nio.channels.spi.AbstractSelector::end (5 bytes)
Event: 263.477 Thread 0x0000022324abb6d0 nmethod 6182 0x000002231541ea10 code [0x000002231541ebc0, 0x000002231541ee38]
Event: 263.477 Thread 0x0000022324abb6d0 6183       1       sun.nio.ch.WEPollSelectorImpl::processEvents (152 bytes)
Event: 263.478 Thread 0x0000022324abb6d0 nmethod 6183 0x000002231541de10 code [0x000002231541e020, 0x000002231541e5e8]
Event: 263.478 Thread 0x0000022324abb6d0 6184       1       java.util.concurrent.atomic.AtomicLong::set (12 bytes)
Event: 263.478 Thread 0x0000022324abb6d0 nmethod 6184 0x000002231541db10 code [0x000002231541dca0, 0x000002231541dd78]
Event: 263.478 Thread 0x0000022324abb6d0 6186   !   1       org.apache.tomcat.util.net.NioEndpoint$Poller::timeout (565 bytes)
Event: 263.480 Thread 0x0000022324abb6d0 nmethod 6186 0x000002231541ac90 code [0x000002231541b100, 0x000002231541c708]
Event: 263.480 Thread 0x0000022324abb6d0 6187       1       sun.nio.ch.SelectorImpl::keys (9 bytes)
Event: 263.480 Thread 0x0000022324abb6d0 nmethod 6187 0x000002231541a890 code [0x000002231541aa40, 0x000002231541aba8]
Event: 263.480 Thread 0x0000022324abb6d0 6188       1       org.apache.tomcat.util.net.NioEndpoint::access$100 (4 bytes)
Event: 263.480 Thread 0x0000022324abb6d0 nmethod 6188 0x000002231541a590 code [0x000002231541a720, 0x000002231541a7d8]

GC Heap History (20 events):
Event: 1.281 GC heap before
{Heap before GC invocations=2 (full 0):
 garbage-first heap   total 258048K, used 62043K [0x0000000705c00000, 0x0000000800000000)
  region size 2048K, 27 young (55296K), 1 survivors (2048K)
 Metaspace       used 17975K, committed 18240K, reserved 1114112K
  class space    used 2379K, committed 2496K, reserved 1048576K
}
Event: 1.285 GC heap after
{Heap after GC invocations=3 (full 0):
 garbage-first heap   total 258048K, used 13791K [0x0000000705c00000, 0x0000000800000000)
  region size 2048K, 3 young (6144K), 3 survivors (6144K)
 Metaspace       used 17975K, committed 18240K, reserved 1114112K
  class space    used 2379K, committed 2496K, reserved 1048576K
}
Event: 1.653 GC heap before
{Heap before GC invocations=3 (full 0):
 garbage-first heap   total 258048K, used 48607K [0x0000000705c00000, 0x0000000800000000)
  region size 2048K, 21 young (43008K), 3 survivors (6144K)
 Metaspace       used 21237K, committed 21504K, reserved 1114112K
  class space    used 2818K, committed 2944K, reserved 1048576K
}
Event: 1.657 GC heap after
{Heap after GC invocations=4 (full 0):
 garbage-first heap   total 258048K, used 16035K [0x0000000705c00000, 0x0000000800000000)
  region size 2048K, 4 young (8192K), 4 survivors (8192K)
 Metaspace       used 21237K, committed 21504K, reserved 1114112K
  class space    used 2818K, committed 2944K, reserved 1048576K
}
Event: 2.314 GC heap before
{Heap before GC invocations=5 (full 0):
 garbage-first heap   total 69632K, used 67235K [0x0000000705c00000, 0x0000000800000000)
  region size 2048K, 29 young (59392K), 4 survivors (8192K)
 Metaspace       used 28221K, committed 28608K, reserved 1114112K
  class space    used 3802K, committed 3968K, reserved 1048576K
}
Event: 2.322 GC heap after
{Heap after GC invocations=6 (full 0):
 garbage-first heap   total 81920K, used 20828K [0x0000000705c00000, 0x0000000800000000)
  region size 2048K, 6 young (12288K), 6 survivors (12288K)
 Metaspace       used 28221K, committed 28608K, reserved 1114112K
  class space    used 3802K, committed 3968K, reserved 1048576K
}
Event: 2.331 GC heap before
{Heap before GC invocations=6 (full 0):
 garbage-first heap   total 81920K, used 22876K [0x0000000705c00000, 0x0000000800000000)
  region size 2048K, 7 young (14336K), 6 survivors (12288K)
 Metaspace       used 28221K, committed 28608K, reserved 1114112K
  class space    used 3802K, committed 3968K, reserved 1048576K
}
Event: 2.339 GC heap after
{Heap after GC invocations=7 (full 0):
 garbage-first heap   total 81920K, used 21767K [0x0000000705c00000, 0x0000000800000000)
  region size 2048K, 1 young (2048K), 1 survivors (2048K)
 Metaspace       used 28221K, committed 28608K, reserved 1114112K
  class space    used 3802K, committed 3968K, reserved 1048576K
}
Event: 2.717 GC heap before
{Heap before GC invocations=7 (full 0):
 garbage-first heap   total 81920K, used 54535K [0x0000000705c00000, 0x0000000800000000)
  region size 2048K, 18 young (36864K), 1 survivors (2048K)
 Metaspace       used 33245K, committed 33600K, reserved 1114112K
  class space    used 4565K, committed 4736K, reserved 1048576K
}
Event: 2.720 GC heap after
{Heap after GC invocations=8 (full 0):
 garbage-first heap   total 172032K, used 21961K [0x0000000705c00000, 0x0000000800000000)
  region size 2048K, 2 young (4096K), 2 survivors (4096K)
 Metaspace       used 33245K, committed 33600K, reserved 1114112K
  class space    used 4565K, committed 4736K, reserved 1048576K
}
Event: 2.848 GC heap before
{Heap before GC invocations=8 (full 0):
 garbage-first heap   total 172032K, used 30153K [0x0000000705c00000, 0x0000000800000000)
  region size 2048K, 7 young (14336K), 2 survivors (4096K)
 Metaspace       used 35743K, committed 36096K, reserved 1114112K
  class space    used 4876K, committed 5056K, reserved 1048576K
}
Event: 2.850 GC heap after
{Heap after GC invocations=9 (full 0):
 garbage-first heap   total 172032K, used 23039K [0x0000000705c00000, 0x0000000800000000)
  region size 2048K, 2 young (4096K), 2 survivors (4096K)
 Metaspace       used 35743K, committed 36096K, reserved 1114112K
  class space    used 4876K, committed 5056K, reserved 1048576K
}
Event: 3.522 GC heap before
{Heap before GC invocations=10 (full 0):
 garbage-first heap   total 90112K, used 72191K [0x0000000705c00000, 0x0000000800000000)
  region size 2048K, 26 young (53248K), 2 survivors (4096K)
 Metaspace       used 44637K, committed 44992K, reserved 1114112K
  class space    used 6187K, committed 6336K, reserved 1048576K
}
Event: 3.526 GC heap after
{Heap after GC invocations=11 (full 0):
 garbage-first heap   total 90112K, used 26194K [0x0000000705c00000, 0x0000000800000000)
  region size 2048K, 4 young (8192K), 4 survivors (8192K)
 Metaspace       used 44637K, committed 44992K, reserved 1114112K
  class space    used 6187K, committed 6336K, reserved 1048576K
}
Event: 3.549 GC heap before
{Heap before GC invocations=11 (full 0):
 garbage-first heap   total 90112K, used 28242K [0x0000000705c00000, 0x0000000800000000)
  region size 2048K, 5 young (10240K), 4 survivors (8192K)
 Metaspace       used 44928K, committed 45376K, reserved 1114112K
  class space    used 6224K, committed 6400K, reserved 1048576K
}
Event: 3.553 GC heap after
{Heap after GC invocations=12 (full 0):
 garbage-first heap   total 90112K, used 26785K [0x0000000705c00000, 0x0000000800000000)
  region size 2048K, 1 young (2048K), 1 survivors (2048K)
 Metaspace       used 44928K, committed 45376K, reserved 1114112K
  class space    used 6224K, committed 6400K, reserved 1048576K
}
Event: 3.933 GC heap before
{Heap before GC invocations=12 (full 0):
 garbage-first heap   total 90112K, used 65697K [0x0000000705c00000, 0x0000000800000000)
  region size 2048K, 20 young (40960K), 1 survivors (2048K)
 Metaspace       used 49100K, committed 49600K, reserved 1114112K
  class space    used 6782K, committed 7040K, reserved 1048576K
}
Event: 3.936 GC heap after
{Heap after GC invocations=13 (full 0):
 garbage-first heap   total 90112K, used 28968K [0x0000000705c00000, 0x0000000800000000)
  region size 2048K, 2 young (4096K), 2 survivors (4096K)
 Metaspace       used 49100K, committed 49600K, reserved 1114112K
  class space    used 6782K, committed 7040K, reserved 1048576K
}
Event: 4.401 GC heap before
{Heap before GC invocations=13 (full 0):
 garbage-first heap   total 90112K, used 67880K [0x0000000705c00000, 0x0000000800000000)
  region size 2048K, 21 young (43008K), 2 survivors (4096K)
 Metaspace       used 53710K, committed 54208K, reserved 1114112K
  class space    used 7383K, committed 7616K, reserved 1048576K
}
Event: 4.405 GC heap after
{Heap after GC invocations=14 (full 0):
 garbage-first heap   total 90112K, used 32663K [0x0000000705c00000, 0x0000000800000000)
  region size 2048K, 3 young (6144K), 3 survivors (6144K)
 Metaspace       used 53710K, committed 54208K, reserved 1114112K
  class space    used 7383K, committed 7616K, reserved 1048576K
}

Deoptimization events (20 events):
Event: 4.712 Thread 0x000002230c18e330 DEOPT PACKING pc=0x0000022315721a7c sp=0x00000085231fe200
Event: 4.712 Thread 0x000002230c18e330 DEOPT UNPACKING pc=0x00000223152d2b43 sp=0x00000085231fd6b8 mode 1
Event: 4.712 Thread 0x000002230c18e330 DEOPT PACKING pc=0x00000223158c55a4 sp=0x00000085231febd0
Event: 4.712 Thread 0x000002230c18e330 DEOPT UNPACKING pc=0x00000223152d2b43 sp=0x00000085231fe058 mode 1
Event: 4.712 Thread 0x000002230c18e330 DEOPT PACKING pc=0x00000223157233b9 sp=0x00000085231fe170
Event: 4.712 Thread 0x000002230c18e330 DEOPT UNPACKING pc=0x00000223152d2b43 sp=0x00000085231fd5c8 mode 1
Event: 4.712 Thread 0x000002230c18e330 DEOPT PACKING pc=0x0000022315721a7c sp=0x00000085231fe200
Event: 4.712 Thread 0x000002230c18e330 DEOPT UNPACKING pc=0x00000223152d2b43 sp=0x00000085231fd6b8 mode 1
Event: 4.712 Thread 0x000002230c18e330 DEOPT PACKING pc=0x00000223158c55a4 sp=0x00000085231febd0
Event: 4.712 Thread 0x000002230c18e330 DEOPT UNPACKING pc=0x00000223152d2b43 sp=0x00000085231fe058 mode 1
Event: 4.712 Thread 0x000002230c18e330 DEOPT PACKING pc=0x00000223157233b9 sp=0x00000085231fe170
Event: 4.712 Thread 0x000002230c18e330 DEOPT UNPACKING pc=0x00000223152d2b43 sp=0x00000085231fd5c8 mode 1
Event: 4.712 Thread 0x000002230c18e330 DEOPT PACKING pc=0x0000022315721a7c sp=0x00000085231fe200
Event: 4.712 Thread 0x000002230c18e330 DEOPT UNPACKING pc=0x00000223152d2b43 sp=0x00000085231fd6b8 mode 1
Event: 4.712 Thread 0x000002230c18e330 DEOPT PACKING pc=0x00000223158c55a4 sp=0x00000085231febd0
Event: 4.712 Thread 0x000002230c18e330 DEOPT UNPACKING pc=0x00000223152d2b43 sp=0x00000085231fe058 mode 1
Event: 4.740 Thread 0x000002230c18e330 DEOPT PACKING pc=0x0000022315e6c394 sp=0x00000085231fee90
Event: 4.740 Thread 0x000002230c18e330 DEOPT UNPACKING pc=0x00000223152d2b43 sp=0x00000085231fe3f8 mode 1
Event: 4.741 Thread 0x000002230c18e330 DEOPT PACKING pc=0x0000022315e6c394 sp=0x00000085231fee20
Event: 4.741 Thread 0x000002230c18e330 DEOPT UNPACKING pc=0x00000223152d2b43 sp=0x00000085231fe388 mode 1

Classes loaded (20 events):
Event: 4.690 Loading class sun/nio/ch/SourceChannelImpl
Event: 4.690 Loading class java/nio/channels/Pipe$SourceChannel
Event: 4.690 Loading class java/nio/channels/Pipe$SourceChannel done
Event: 4.690 Loading class sun/nio/ch/SourceChannelImpl done
Event: 4.690 Loading class sun/nio/ch/SinkChannelImpl
Event: 4.690 Loading class java/nio/channels/Pipe$SinkChannel
Event: 4.690 Loading class java/nio/channels/Pipe$SinkChannel done
Event: 4.690 Loading class sun/nio/ch/SinkChannelImpl done
Event: 4.691 Loading class sun/nio/ch/SocketChannelImpl$DefaultOptionsHolder
Event: 4.691 Loading class sun/nio/ch/SocketChannelImpl$DefaultOptionsHolder done
Event: 4.691 Loading class java/nio/channels/spi/AbstractSelector$1
Event: 4.691 Loading class java/nio/channels/spi/AbstractSelector$1 done
Event: 4.693 Loading class java/util/TreeMap$ValueSpliterator
Event: 4.693 Loading class java/util/TreeMap$TreeMapSpliterator
Event: 4.693 Loading class java/util/TreeMap$TreeMapSpliterator done
Event: 4.693 Loading class java/util/TreeMap$ValueSpliterator done
Event: 4.742 Loading class com/sun/jmx/mbeanserver/StandardMBeanSupport
Event: 4.742 Loading class com/sun/jmx/mbeanserver/StandardMBeanSupport done
Event: 4.742 Loading class com/sun/jmx/mbeanserver/StandardMBeanIntrospector
Event: 4.742 Loading class com/sun/jmx/mbeanserver/StandardMBeanIntrospector done

Classes unloaded (0 events):
No events

Classes redefined (3 events):
Event: 115.830 Thread 0x000002230c21cbd0 redefined class name=br.com.vinculos.validators.impl.ValidarVinculoResidencia, count=1
Event: 313.635 Thread 0x000002230c21cbd0 redefined class name=br.com.vinculos.services.VinculosService, count=1
Event: 313.635 Thread 0x000002230c21cbd0 redefined class name=br.com.vinculos.controllers.VinculoResidenciaController, count=1

Internal exceptions (20 events):
Event: 4.662 Thread 0x000002230c18e330 Exception <a 'java/lang/ClassNotFoundException'{0x0000000709d3f248}: java/lang/ObjectCustomizer> (0x0000000709d3f248) 
thrown [s\open\src\hotspot\share\classfile\systemDictionary.cpp, line 255]
Event: 4.662 Thread 0x000002230c18e330 Exception <a 'java/lang/ClassNotFoundException'{0x0000000709d47058}: org/springframework/jmx/export/metadata/AbstractJmxAttributeCustomizer> (0x0000000709d47058) 
thrown [s\open\src\hotspot\share\classfile\systemDictionary.cpp, line 255]
Event: 4.663 Thread 0x000002230c18e330 Exception <a 'java/lang/ClassNotFoundException'{0x0000000709d4ebc0}: org/springframework/jmx/export/metadata/ManagedAttributeCustomizer> (0x0000000709d4ebc0) 
thrown [s\open\src\hotspot\share\classfile\systemDictionary.cpp, line 255]
Event: 4.665 Thread 0x000002230c18e330 Exception <a 'java/lang/ClassNotFoundException'{0x0000000709d7cd18}: java/lang/ObjectCustomizer> (0x0000000709d7cd18) 
thrown [s\open\src\hotspot\share\classfile\systemDictionary.cpp, line 255]
Event: 4.665 Thread 0x000002230c18e330 Exception <a 'java/lang/ClassNotFoundException'{0x0000000709d84db8}: org/springframework/amqp/rabbit/connection/AbstractConnectionFactoryCustomizer> (0x0000000709d84db8) 
thrown [s\open\src\hotspot\share\classfile\systemDictionary.cpp, line 255]
Event: 4.666 Thread 0x000002230c18e330 Exception <a 'java/lang/ClassNotFoundException'{0x0000000709dc2c38}: org/springframework/amqp/rabbit/connection/ConnectionFactoryCustomizer> (0x0000000709dc2c38) 
thrown [s\open\src\hotspot\share\classfile\systemDictionary.cpp, line 255]
Event: 4.667 Thread 0x000002230c18e330 Exception <a 'java/lang/ClassNotFoundException'{0x0000000709dd3a38}: org/springframework/beans/factory/DisposableBeanCustomizer> (0x0000000709dd3a38) 
thrown [s\open\src\hotspot\share\classfile\systemDictionary.cpp, line 255]
Event: 4.667 Thread 0x000002230c18e330 Exception <a 'java/lang/ClassNotFoundException'{0x0000000709dd89a8}: org/springframework/beans/factory/BeanNameAwareCustomizer> (0x0000000709dd89a8) 
thrown [s\open\src\hotspot\share\classfile\systemDictionary.cpp, line 255]
Event: 4.668 Thread 0x000002230c18e330 Exception <a 'java/lang/ClassNotFoundException'{0x0000000709dddc28}: org/springframework/beans/factory/AwareCustomizer> (0x0000000709dddc28) 
thrown [s\open\src\hotspot\share\classfile\systemDictionary.cpp, line 255]
Event: 4.668 Thread 0x000002230c18e330 Exception <a 'java/lang/ClassNotFoundException'{0x0000000709de2330}: org/springframework/context/ApplicationContextAwareCustomizer> (0x0000000709de2330) 
thrown [s\open\src\hotspot\share\classfile\systemDictionary.cpp, line 255]
Event: 4.668 Thread 0x000002230c18e330 Exception <a 'java/lang/ClassNotFoundException'{0x0000000709de7cc8}: org/springframework/beans/factory/AwareCustomizer> (0x0000000709de7cc8) 
thrown [s\open\src\hotspot\share\classfile\systemDictionary.cpp, line 255]
Event: 4.668 Thread 0x000002230c18e330 Exception <a 'java/lang/ClassNotFoundException'{0x0000000709dec630}: org/springframework/context/ApplicationEventPublisherAwareCustomizer> (0x0000000709dec630) 
thrown [s\open\src\hotspot\share\classfile\systemDictionary.cpp, line 255]
Event: 4.669 Thread 0x000002230c18e330 Exception <a 'java/lang/ClassNotFoundException'{0x0000000709df1c80}: org/springframework/beans/factory/AwareCustomizer> (0x0000000709df1c80) 
thrown [s\open\src\hotspot\share\classfile\systemDictionary.cpp, line 255]
Event: 4.669 Thread 0x000002230c18e330 Exception <a 'java/lang/ClassNotFoundException'{0x0000000709df63a0}: org/springframework/context/ApplicationListenerCustomizer> (0x0000000709df63a0) 
thrown [s\open\src\hotspot\share\classfile\systemDictionary.cpp, line 255]
Event: 4.669 Thread 0x000002230c18e330 Exception <a 'java/lang/ClassNotFoundException'{0x0000000709df8890}: java/util/EventListenerCustomizer> (0x0000000709df8890) 
thrown [s\open\src\hotspot\share\classfile\systemDictionary.cpp, line 255]
Event: 4.670 Thread 0x000002230c18e330 Exception <a 'java/lang/ClassNotFoundException'{0x0000000709dfca98}: com/rabbitmq/client/ShutdownListenerCustomizer> (0x0000000709dfca98) 
thrown [s\open\src\hotspot\share\classfile\systemDictionary.cpp, line 255]
Event: 4.670 Thread 0x000002230c18e330 Exception <a 'java/lang/ClassNotFoundException'{0x0000000709dfe148}: java/util/EventListenerCustomizer> (0x0000000709dfe148) 
thrown [s\open\src\hotspot\share\classfile\systemDictionary.cpp, line 255]
Event: 4.674 Thread 0x000002230c18e330 Exception <a 'java/lang/NoSuchMethodError'{0x0000000709a31c50}: 'java.lang.Object java.lang.invoke.DirectMethodHandle$Holder.invokeSpecial(java.lang.Object, java.lang.Object, int, java.lang.Object, int, java.lang.Object)'> (0x0000000709a31c50) 
thrown [s\open\src\hotspot\share\interpreter\linkResolver.cpp, line 759]
Event: 4.674 Thread 0x000002230c18e330 Exception <a 'java/lang/NoSuchMethodError'{0x0000000709a39a48}: 'java.lang.Object java.lang.invoke.DirectMethodHandle$Holder.newInvokeSpecial(java.lang.Object, java.lang.Object, int, java.lang.Object, int)'> (0x0000000709a39a48) 
thrown [s\open\src\hotspot\share\interpreter\linkResolver.cpp, line 759]
Event: 4.674 Thread 0x000002230c18e330 Exception <a 'java/lang/NoSuchMethodError'{0x0000000709a3db50}: 'java.lang.Object java.lang.invoke.DirectMethodHandle$Holder.invokeSpecial(java.lang.Object, java.lang.Object, java.lang.Object, int, java.lang.Object, int)'> (0x0000000709a3db50) 
thrown [s\open\src\hotspot\share\interpreter\linkResolver.cpp, line 759]

VM Operations (20 events):
Event: 115.825 Executing VM operation: RedefineClasses
Event: 115.844 Executing VM operation: RedefineClasses done
Event: 115.858 Executing VM operation: ChangeBreakpoints
Event: 115.860 Executing VM operation: ChangeBreakpoints done
Event: 153.272 Executing VM operation: Cleanup
Event: 153.273 Executing VM operation: Cleanup done
Event: 173.497 Executing VM operation: Cleanup
Event: 173.497 Executing VM operation: Cleanup done
Event: 193.685 Executing VM operation: Cleanup
Event: 193.685 Executing VM operation: Cleanup done
Event: 201.795 Executing VM operation: Cleanup
Event: 201.795 Executing VM operation: Cleanup done
Event: 202.811 Executing VM operation: Cleanup
Event: 202.811 Executing VM operation: Cleanup done
Event: 212.916 Executing VM operation: Cleanup
Event: 212.917 Executing VM operation: Cleanup done
Event: 253.357 Executing VM operation: Cleanup
Event: 253.357 Executing VM operation: Cleanup done
Event: 313.630 Executing VM operation: RedefineClasses
Event: 313.646 Executing VM operation: RedefineClasses done

Events (20 events):
Event: 2.858 Thread 0x000002232ac72500 Thread added: 0x000002232ac72500
Event: 2.969 Thread 0x000002232ac72030 Thread added: 0x000002232ac72030
Event: 4.680 Thread 0x000002232ac71690 Thread added: 0x000002232ac71690
Event: 4.680 Thread 0x000002232ac72ea0 Thread added: 0x000002232ac72ea0
Event: 4.680 Thread 0x000002232ac74b80 Thread added: 0x000002232ac74b80
Event: 4.680 Thread 0x000002232ac73370 Thread added: 0x000002232ac73370
Event: 4.680 Thread 0x000002232ac71b60 Thread added: 0x000002232ac71b60
Event: 4.680 Thread 0x000002232ac75050 Thread added: 0x000002232ac75050
Event: 4.680 Thread 0x000002232ac73840 Thread added: 0x000002232ac73840
Event: 4.680 Thread 0x000002232ac73d10 Thread added: 0x000002232ac73d10
Event: 4.680 Thread 0x000002232ba224d0 Thread added: 0x000002232ba224d0
Event: 4.680 Thread 0x000002232ba26360 Thread added: 0x000002232ba26360
Event: 4.691 Thread 0x000002232ba26830 Thread added: 0x000002232ba26830
Event: 4.692 Thread 0x000002232ba23340 Thread added: 0x000002232ba23340
Event: 4.746 Thread 0x000002230c18e330 Thread exited: 0x000002230c18e330
Event: 4.746 Thread 0x000002232ba22e70 Thread added: 0x000002232ba22e70
Event: 8.030 Thread 0x000002232ac72030 Thread exited: 0x000002232ac72030
Event: 9.759 Thread 0x000002232994bd40 Thread exited: 0x000002232994bd40
Event: 9.759 Thread 0x0000022328d9b050 Thread exited: 0x0000022328d9b050
Event: 14.764 Thread 0x0000022328d96b30 Thread exited: 0x0000022328d96b30


Dynamic libraries:
0x00007ff6c0000000 - 0x00007ff6c0010000 	C:\Program Files\Java\jdk-18.0.2.1\bin\javaw.exe
0x00007ffa82a30000 - 0x00007ffa82c28000 	C:\Windows\SYSTEM32\ntdll.dll
0x00007ffa80db0000 - 0x00007ffa80e72000 	C:\Windows\System32\KERNEL32.DLL
0x00007ffa80580000 - 0x00007ffa8087e000 	C:\Windows\System32\KERNELBASE.dll
0x00007ffa82920000 - 0x00007ffa829d1000 	C:\Windows\System32\ADVAPI32.DLL
0x00007ffa80f30000 - 0x00007ffa80fce000 	C:\Windows\System32\msvcrt.dll
0x00007ffa82300000 - 0x00007ffa8239f000 	C:\Windows\System32\sechost.dll
0x00007ffa81900000 - 0x00007ffa81a23000 	C:\Windows\System32\RPCRT4.dll
0x00007ffa80a20000 - 0x00007ffa80a47000 	C:\Windows\System32\bcrypt.dll
0x00007ffa80140000 - 0x00007ffa80240000 	C:\Windows\System32\ucrtbase.dll
0x00007ffa7cc00000 - 0x00007ffa7cc18000 	C:\Program Files\Java\jdk-18.0.2.1\bin\jli.dll
0x00007ffa7c9c0000 - 0x00007ffa7c9da000 	C:\Program Files\Java\jdk-18.0.2.1\bin\VCRUNTIME140.dll
0x00007ffa82160000 - 0x00007ffa822fd000 	C:\Windows\System32\USER32.dll
0x00007ffa80880000 - 0x00007ffa808a2000 	C:\Windows\System32\win32u.dll
0x00007ffa684e0000 - 0x00007ffa6877a000 	C:\Windows\WinSxS\amd64_microsoft.windows.common-controls_6595b64144ccf1df_6.0.19041.4355_none_60b8b9eb71f62e16\COMCTL32.dll
0x00007ffa80fd0000 - 0x00007ffa80ffb000 	C:\Windows\System32\GDI32.dll
0x00007ffa808b0000 - 0x00007ffa809c7000 	C:\Windows\System32\gdi32full.dll
0x00007ffa80450000 - 0x00007ffa804ed000 	C:\Windows\System32\msvcp_win.dll
0x00007ffa79d90000 - 0x00007ffa79d9a000 	C:\Windows\SYSTEM32\VERSION.dll
0x00007ffa81ab0000 - 0x00007ffa81adf000 	C:\Windows\System32\IMM32.DLL
0x00007ffa7c9b0000 - 0x00007ffa7c9bc000 	C:\Program Files\Java\jdk-18.0.2.1\bin\vcruntime140_1.dll
0x00007ffa54120000 - 0x00007ffa541ad000 	C:\Program Files\Java\jdk-18.0.2.1\bin\msvcp140.dll
0x00007ff9f1990000 - 0x00007ff9f25a1000 	C:\Program Files\Java\jdk-18.0.2.1\bin\server\jvm.dll
0x00007ffa829e0000 - 0x00007ffa829e8000 	C:\Windows\System32\PSAPI.DLL
0x00007ffa66240000 - 0x00007ffa66249000 	C:\Windows\SYSTEM32\WSOCK32.dll
0x00007ffa5ef50000 - 0x00007ffa5ef77000 	C:\Windows\SYSTEM32\WINMM.dll
0x00007ffa81a30000 - 0x00007ffa81a9b000 	C:\Windows\System32\WS2_32.dll
0x00007ffa7e910000 - 0x00007ffa7e922000 	C:\Windows\SYSTEM32\kernel.appcore.dll
0x00007ffa7b2d0000 - 0x00007ffa7b2da000 	C:\Program Files\Java\jdk-18.0.2.1\bin\jimage.dll
0x00007ffa7e2b0000 - 0x00007ffa7e494000 	C:\Windows\SYSTEM32\DBGHELP.DLL
0x00007ffa52290000 - 0x00007ffa522c4000 	C:\Windows\SYSTEM32\dbgcore.DLL
0x00007ffa804f0000 - 0x00007ffa80572000 	C:\Windows\System32\bcryptPrimitives.dll
0x00007ffa76eb0000 - 0x00007ffa76eeb000 	C:\Program Files\Java\jdk-18.0.2.1\bin\jdwp.dll
0x00007ffa76e40000 - 0x00007ffa76e65000 	C:\Program Files\Java\jdk-18.0.2.1\bin\java.dll
0x00007ffa4e750000 - 0x00007ffa4e826000 	C:\Program Files\Java\jdk-18.0.2.1\bin\jsvml.dll
0x00007ffa81080000 - 0x00007ffa817ed000 	C:\Windows\System32\SHELL32.dll
0x00007ffa7db00000 - 0x00007ffa7e2a4000 	C:\Windows\SYSTEM32\windows.storage.dll
0x00007ffa80a50000 - 0x00007ffa80da3000 	C:\Windows\System32\combase.dll
0x00007ffa7f940000 - 0x00007ffa7f96e000 	C:\Windows\SYSTEM32\Wldp.dll
0x00007ffa81bc0000 - 0x00007ffa81c8d000 	C:\Windows\System32\OLEAUT32.dll
0x00007ffa81850000 - 0x00007ffa818fd000 	C:\Windows\System32\SHCORE.dll
0x00007ffa828a0000 - 0x00007ffa828f5000 	C:\Windows\System32\shlwapi.dll
0x00007ffa80000000 - 0x00007ffa80024000 	C:\Windows\SYSTEM32\profapi.dll
0x00007ffa7af80000 - 0x00007ffa7af8c000 	C:\Program Files\Java\jdk-18.0.2.1\bin\dt_socket.dll
0x00007ffa7f430000 - 0x00007ffa7f46b000 	C:\Windows\SYSTEM32\IPHLPAPI.DLL
0x00007ffa7f730000 - 0x00007ffa7f79a000 	C:\Windows\system32\mswsock.dll
0x00007ffa7f470000 - 0x00007ffa7f53a000 	C:\Windows\SYSTEM32\DNSAPI.dll
0x00007ffa81aa0000 - 0x00007ffa81aa8000 	C:\Windows\System32\NSI.dll
0x00007ffa76810000 - 0x00007ffa7681a000 	C:\Windows\System32\rasadhlp.dll
0x00007ffa7b950000 - 0x00007ffa7b9d0000 	C:\Windows\System32\fwpuclnt.dll
0x00007ffa76e20000 - 0x00007ffa76e33000 	C:\Program Files\Java\jdk-18.0.2.1\bin\net.dll
0x00007ffa7eff0000 - 0x00007ffa7f0fd000 	C:\Windows\SYSTEM32\WINHTTP.dll
0x00007ffa76e00000 - 0x00007ffa76e16000 	C:\Program Files\Java\jdk-18.0.2.1\bin\nio.dll
0x00007ffa67740000 - 0x00007ffa67758000 	C:\Program Files\Java\jdk-18.0.2.1\bin\zip.dll
0x00007ffa76ea0000 - 0x00007ffa76ea9000 	C:\Program Files\Java\jdk-18.0.2.1\bin\management.dll
0x00007ffa76630000 - 0x00007ffa7663b000 	C:\Program Files\Java\jdk-18.0.2.1\bin\management_ext.dll
0x00007ffa64160000 - 0x00007ffa64177000 	C:\Windows\system32\napinsp.dll
0x00007ffa64180000 - 0x00007ffa6419b000 	C:\Windows\system32\pnrpnsp.dll
0x00007ffa7b410000 - 0x00007ffa7b425000 	C:\Windows\system32\wshbth.dll
0x00007ffa7a9f0000 - 0x00007ffa7aa0d000 	C:\Windows\system32\NLAapi.dll
0x00007ffa64e00000 - 0x00007ffa64e12000 	C:\Windows\System32\winrnr.dll
0x00007ffa7f990000 - 0x00007ffa7f9a8000 	C:\Windows\SYSTEM32\CRYPTSP.dll
0x00007ffa7ef60000 - 0x00007ffa7ef94000 	C:\Windows\system32\rsaenh.dll
0x00007ffa7ffc0000 - 0x00007ffa7ffee000 	C:\Windows\SYSTEM32\USERENV.dll
0x00007ffa7f970000 - 0x00007ffa7f97c000 	C:\Windows\SYSTEM32\CRYPTBASE.dll
0x00007ffa7afd0000 - 0x00007ffa7afe7000 	C:\Windows\SYSTEM32\dhcpcsvc6.DLL
0x00007ffa7af40000 - 0x00007ffa7af5d000 	C:\Windows\SYSTEM32\dhcpcsvc.DLL
0x00007ffa68790000 - 0x00007ffa6879e000 	C:\Program Files\Java\jdk-18.0.2.1\bin\sunmscapi.dll
0x00007ffa80240000 - 0x00007ffa8039c000 	C:\Windows\System32\CRYPT32.dll
0x00007ffa7faa0000 - 0x00007ffa7fac7000 	C:\Windows\SYSTEM32\ncrypt.dll
0x00007ffa7fa60000 - 0x00007ffa7fa9b000 	C:\Windows\SYSTEM32\NTASN1.dll

dbghelp: loaded successfully - version: 4.0.5 - missing functions: none
symbol engine: initialized successfully - sym options: 0x614 - pdb path: .;C:\Program Files\Java\jdk-18.0.2.1\bin;C:\Windows\SYSTEM32;C:\Windows\WinSxS\amd64_microsoft.windows.common-controls_6595b64144ccf1df_6.0.19041.4355_none_60b8b9eb71f62e16;C:\Program Files\Java\jdk-18.0.2.1\bin\server

VM Arguments:
jvm_args: -agentlib:jdwp=transport=dt_socket,suspend=y,address=localhost:62799 -Dcom.sun.management.jmxremote -Dcom.sun.management.jmxremote.port=62797 -Dcom.sun.management.jmxremote.authenticate=false -Dcom.sun.management.jmxremote.ssl=false -Djava.rmi.server.hostname=localhost -Dspring.jmx.enabled=true -Dspring.liveBeansView.mbeanDomain -Dspring.application.admin.enabled=true -Xverify:none -XX:TieredStopAtLevel=1 -Dfile.encoding=UTF-8 
java_command: br.com.vinculos.VinculosMsApplication --spring.output.ansi.enabled=always
java_class_path (initial): C:\Users\bodl\git\vinculos-ms\target\classes;C:\Users\bodl\.m2\repository\org\springframework\boot\spring-boot-starter-amqp\2.6.7\spring-boot-starter-amqp-2.6.7.jar;C:\Users\bodl\.m2\repository\org\springframework\boot\spring-boot-starter\2.6.7\spring-boot-starter-2.6.7.jar;C:\Users\bodl\.m2\repository\org\springframework\boot\spring-boot-starter-logging\2.6.7\spring-boot-starter-logging-2.6.7.jar;C:\Users\bodl\.m2\repository\ch\qos\logback\logback-classic\1.2.11\logback-classic-1.2.11.jar;C:\Users\bodl\.m2\repository\ch\qos\logback\logback-core\1.2.11\logback-core-1.2.11.jar;C:\Users\bodl\.m2\repository\org\apache\logging\log4j\log4j-to-slf4j\2.17.2\log4j-to-slf4j-2.17.2.jar;C:\Users\bodl\.m2\repository\org\apache\logging\log4j\log4j-api\2.17.2\log4j-api-2.17.2.jar;C:\Users\bodl\.m2\repository\org\slf4j\jul-to-slf4j\1.7.36\jul-to-slf4j-1.7.36.jar;C:\Users\bodl\.m2\repository\org\yaml\snakeyaml\1.29\snakeyaml-1.29.jar;C:\Users\bodl\.m2\repository\org\springframework\spring-messaging\5.3.19\spring-messaging-5.3.19.jar;C:\Users\bodl\.m2\repository\org\springframework\amqp\spring-rabbit\2.4.4\spring-rabbit-2.4.4.jar;C:\Users\bodl\.m2\repository\org\springframework\amqp\spring-amqp\2.4.4\spring-amqp-2.4.4.jar;C:\Users\bodl\.m2\repository\com\rabbitmq\amqp-client\5.13.1\amqp-client-5.13.1.jar;C:\Users\bodl\.m2\repository\org\springframework\boot\spring-boot-starter-web\2.6.7\spring-boot-starter-web-2.6.7.jar;C:\Users\bodl\.m2\repository\org\springframework\boot\spring-boot-starter-json\2.6.7\spring-boot-starter-json-2.6.7.jar;C:\Users\bodl\.m2\repository\com\fasterxml\jackson\datatype\jackson-datatype-jdk8\2.13.2\jackson-datatype-jdk8-2.13.2.jar;C:\Users\bodl\.m2\repository\com\fasterxml\jackson\datatype\jackson-datatype-jsr310\2.13.2\jackson-datatype-jsr310-2.13.2.jar;C:\Users\bodl\.m2\repository\com\fasterxml\jackson\module\jackson-module-parameter-names\2.13.2\jackson-module-parameter-names-2.13.2.jar;C:\Users\bodl\.m2\repository\org\springframework\spring-web\5.3.19\spring-web-5.3.19.jar;C:\Users\bodl\.m2\repository\org\springframework\spring-webmvc\5.3.19\spring-webmvc-5.3.19.jar;C:\Users\bodl\.m2\repository\org\springframework\boot\spring-boot-starter-data-jpa\2.6.7\spring-boot-starter-data-jpa-2.6.7.jar;C:\Users\bodl\.m2\repository\org\springframework\boot\spring-boot-starter-aop\2.6.7\spring-boot-starter-aop-2.6.7.jar;C:\Users\bodl\.m2\repository\org\aspectj\aspectjweaver\1.9.7\aspectjweaver-1.9.7.jar;C:\Users\bodl\.m2\repository\org\springframework\boot\spring-boot-starter-jdbc\2.6.7\spring-boot-starter-jdbc-2.6.7.jar;C:\Users\bodl\.m2\repository\com\zaxxer\HikariCP\4.0.3\HikariCP-4.0.3.jar;C:\Users\bodl\.m2\repository\org\springframework\spring-jdbc\5.3.19\spring-jdbc-5.3.19.jar;C:\Users\bodl\.m2\repository\jakarta\transaction\jakarta.transaction-api\1.3.3\jakarta.transaction-api-1.3.3.jar;C:\Users\bodl\.m2\repository\jakarta\persistence\jakarta.persistence-api\2.2.3\jakarta.persistence-api-2.2.3.jar;C:\Users\bodl\.m2\repository\org\hibernate\hibernate-core\5.6.8.Final\hibernate-core-5.6.8.Final.jar;C:\Users\bodl\.m2\repository\org\jboss\logging\jboss-logging\3.4.3.Final\jboss-logging-3.4.3.Final.jar;C:\Users\bodl\.m2\repository\net\bytebuddy\byte-buddy\1.11.22\byte-buddy-1.11.22.jar;C:\Users\bodl\.m2\repository\antlr\antlr\2.7.7\antlr-2.7.7.jar;C:\Users\bodl\.m2\repository\org\jboss\jandex\2.4.2.Final\jandex-2.4.2.Final.jar;C:\Users\bodl\.m2\repository\org\hibernate\common\hibernate-commons-annotations\5.1.2.Final\hibernate-commons-annotations-5.1.2.Final.jar;C:\Users\bodl\.m2\repository\org\springframework\data\spring-data-jpa\2.6.4\spring-data-jpa-2.6.4.jar;C:\Users\bodl\.m2\repository\org\springframework\data\spring-data-commons\2.6.4\spring-data-commons-2.6.4.jar;C:\Users\bodl\.m2\repository\org\springframework\spring-orm\5.3.19\spring-orm-5.3.19.jar;C:\Users\bodl\.m2\repository\org\springframework\spring-aspects\5.3.19\spring-aspects-5.3.19.jar;C:\Users\bodl\.m2\repository\org\projectlombok\lombok\1.18.24\lombok-1.18.24.jar;C:\Users\bodl\.m2\repository\jakarta\xml\bind\jakarta.xml.bind-api\2.3.3\jakarta.xml.bind-api-2.3.3.jar;C:\Users\bodl\.m2\repository\jakarta\activation\jakarta.activation-api\1.2.2\jakarta.activation-api-1.2.2.jar;C:\Users\bodl\.m2\repository\org\springframework\spring-core\5.3.19\spring-core-5.3.19.jar;C:\Users\bodl\.m2\repository\org\springframework\spring-jcl\5.3.19\spring-jcl-5.3.19.jar;C:\Users\bodl\.m2\repository\org\springframework\kafka\spring-kafka\2.8.5\spring-kafka-2.8.5.jar;C:\Users\bodl\.m2\repository\org\springframework\spring-context\5.3.19\spring-context-5.3.19.jar;C:\Users\bodl\.m2\repository\org\springframework\spring-tx\5.3.19\spring-tx-5.3.19.jar;C:\Users\bodl\.m2\repository\org\springframework\retry\spring-retry\1.3.3\spring-retry-1.3.3.jar;C:\Users\bodl\.m2\repository\org\apache\kafka\kafka-clients\3.0.1\kafka-clients-3.0.1.jar;C:\Users\bodl\.m2\repository\com\github\luben\zstd-jni\1.5.0-2\zstd-jni-1.5.0-2.jar;C:\Users\bodl\.m2\repository\org\lz4\lz4-java\1.7.1\lz4-java-1.7.1.jar;C:\Users\bodl\.m2\repository\org\xerial\snappy\snappy-java\1.1.8.1\snappy-java-1.1.8.1.jar;C:\Users\bodl\.m2\repository\com\google\code\findbugs\jsr305\3.0.2\jsr305-3.0.2.jar;C:\Users\bodl\.m2\repository\org\mapstruct\mapstruct\1.4.2.Final\mapstruct-1.4.2.Final.jar;C:\Users\bodl\.m2\repository\org\mapstruct\mapstruct-processor\1.4.2.Final\mapstruct-processor-1.4.2.Final.jar;C:\Users\bodl\.m2\repository\org\springframework\boot\spring-boot-starter-validation\2.6.7\spring-boot-starter-validation-2.6.7.jar;C:\Users\bodl\.m2\repository\org\apache\tomcat\embed\tomcat-embed-el\9.0.62\tomcat-embed-el-9.0.62.jar;C:\Users\bodl\.m2\repository\org\hibernate\validator\hibernate-validator\6.2.3.Final\hibernate-validator-6.2.3.Final.jar;C:\Users\bodl\.m2\repository\jakarta\validation\jakarta.validation-api\2.0.2\jakarta.validation-api-2.0.2.jar;C:\Users\bodl\.m2\repository\org\springframework\boot\spring-boot-starter-tomcat\2.6.7\spring-boot-starter-tomcat-2.6.7.jar;C:\Users\bodl\.m2\repository\jakarta\annotation\jakarta.annotation-api\1.3.5\jakarta.annotation-api-1.3.5.jar;C:\Users\bodl\.m2\repository\org\apache\tomcat\embed\tomcat-embed-core\9.0.62\tomcat-embed-core-9.0.62.jar;C:\Users\bodl\.m2\repository\org\apache\tomcat\embed\tomcat-embed-websocket\9.0.62\tomcat-embed-websocket-9.0.62.jar;C:\Users\bodl\.m2\repository\mysql\mysql-connector-java\8.0.28\mysql-connector-java-8.0.28.jar;C:\Users\bodl\.m2\repository\io\confluent\kafka-avro-serializer\5.5.1\kafka-avro-serializer-5.5.1.jar;C:\Users\bodl\.m2\repository\org\apache\avro\avro\1.9.2\avro-1.9.2.jar;C:\Users\bodl\.m2\repository\com\fasterxml\jackson\core\jackson-core\2.13.2\jackson-core-2.13.2.jar;C:\Users\bodl\.m2\repository\org\apache\commons\commons-compress\1.19\commons-compress-1.19.jar;C:\Users\bodl\.m2\repository\io\confluent\kafka-schema-serializer\5.5.1\kafka-schema-serializer-5.5.1.jar;C:\Users\bodl\.m2\repository\io\confluent\kafka-schema-registry-client\5.5.1\kafka-schema-registry-client-5.5.1.jar;C:\Users\bodl\.m2\repository\javax\ws\rs\javax.ws.rs-api\2.1.1\javax.ws.rs-api-2.1.1.jar;C:\Users\bodl\.m2\repository\org\glassfish\jersey\core\jersey-common\2.35\jersey-common-2.35.jar;C:\Users\bodl\.m2\repository\jakarta\ws\rs\jakarta.ws.rs-api\2.1.6\jakarta.ws.rs-api-2.1.6.jar;C:\Users\bodl\.m2\repository\org\glassfish\hk2\external\jakarta.inject\2.6.1\jakarta.inject-2.6.1.jar;C:\Users\bodl\.m2\repository\org\glassfish\hk2\osgi-resource-locator\1.0.3\osgi-resource-locator-1.0.3.jar;C:\Users\bodl\.m2\repository\io\confluent\common-config\5.5.1\common-config-5.5.1.jar;C:\Users\bodl\.m2\repository\io\confluent\common-utils\5.5.1\common-utils-5.5.1.jar;C:\Users\bodl\.m2\repository\org\apache\commons\commons-lang3\3.12.0\commons-lang3-3.12.0.jar;C:\Users\bodl\.m2\repository\com\h2database\h2\1.4.200\h2-1.4.200.jar;C:\Users\bodl\.m2\repository\org\flywaydb\flyway-core\8.0.5\flyway-core-8.0.5.jar;C:\Users\bodl\.m2\repository\com\google\code\gson\gson\2.8.9\gson-2.8.9.jar;C:\Users\bodl\.m2\repository\io\springfox\springfox-swagger2\2.7.0\springfox-swagger2-2.7.0.jar;C:\Users\bodl\.m2\repository\io\swagger\swagger-annotations\1.5.13\swagger-annotations-1.5.13.jar;C:\Users\bodl\.m2\repository\io\swagger\swagger-models\1.5.13\swagger-models-1.5.13.jar;C:\Users\bodl\.m2\repository\io\springfox\springfox-spi\2.7.0\springfox-spi-2.7.0.jar;C:\Users\bodl\.m2\repository\io\springfox\springfox-core\2.7.0\springfox-core-2.7.0.jar;C:\Users\bodl\.m2\repository\io\springfox\springfox-schema\2.7.0\springfox-schema-2.7.0.jar;C:\Users\bodl\.m2\repository\io\springfox\springfox-swagger-common\2.7.0\springfox-swagger-common-2.7.0.jar;C:\Users\bodl\.m2\repository\io\springfox\springfox-spring-web\2.7.0\springfox-spring-web-2.7.0.jar;C:\Users\bodl\.m2\repository\org\reflections\reflections\0.9.11\reflections-0.9.11.jar;C:\Users\bodl\.m2\repository\org\javassist\javassist\3.21.0-GA\javassist-3.21.0-GA.jar;C:\Users\bodl\.m2\repository\com\google\guava\guava\18.0\guava-18.0.jar;C:\Users\bodl\.m2\repository\com\fasterxml\classmate\1.5.1\classmate-1.5.1.jar;C:\Users\bodl\.m2\repository\org\slf4j\slf4j-api\1.7.36\slf4j-api-1.7.36.jar;C:\Users\bodl\.m2\repository\org\springframework\plugin\spring-plugin-core\1.2.0.RELEASE\spring-plugin-core-1.2.0.RELEASE.jar;C:\Users\bodl\.m2\repository\org\springframework\plugin\spring-plugin-metadata\1.2.0.RELEASE\spring-plugin-metadata-1.2.0.RELEASE.jar;C:\Users\bodl\.m2\repository\io\springfox\springfox-swagger-ui\2.7.0\springfox-swagger-ui-2.7.0.jar;C:\Users\bodl\.m2\repository\org\springframework\security\spring-security-crypto\5.6.3\spring-security-crypto-5.6.3.jar;C:\Users\bodl\.m2\repository\com\auth0\java-jwt\3.10.3\java-jwt-3.10.3.jar;C:\Users\bodl\.m2\repository\com\fasterxml\jackson\core\jackson-databind\2.13.2.1\jackson-databind-2.13.2.1.jar;C:\Users\bodl\.m2\repository\commons-codec\commons-codec\1.15\commons-codec-1.15.jar;C:\Users\bodl\.m2\repository\io\jsonwebtoken\jjwt\0.9.0\jjwt-0.9.0.jar;C:\Users\bodl\.m2\repository\org\springframework\security\oauth\boot\spring-security-oauth2-autoconfigure\2.1.8.RELEASE\spring-security-oauth2-autoconfigure-2.1.8.RELEASE.jar;C:\Users\bodl\.m2\repository\com\fasterxml\jackson\core\jackson-annotations\2.13.2\jackson-annotations-2.13.2.jar;C:\Users\bodl\.m2\repository\javax\xml\bind\jaxb-api\2.3.1\jaxb-api-2.3.1.jar;C:\Users\bodl\.m2\repository\javax\activation\javax.activation-api\1.2.0\javax.activation-api-1.2.0.jar;C:\Users\bodl\.m2\repository\org\springframework\boot\spring-boot\2.6.7\spring-boot-2.6.7.jar;C:\Users\bodl\.m2\repository\org\springframework\boot\spring-boot-autoconfigure\2.6.7\spring-boot-autoconfigure-2.6.7.jar;C:\Users\bodl\.m2\repository\org\springframework\security\oauth\spring-security-oauth2\2.3.5.RELEASE\spring-security-oauth2-2.3.5.RELEASE.jar;C:\Users\bodl\.m2\repository\org\codehaus\jackson\jackson-mapper-asl\1.9.13\jackson-mapper-asl-1.9.13.jar;C:\Users\bodl\.m2\repository\org\codehaus\jackson\jackson-core-asl\1.9.13\jackson-core-asl-1.9.13.jar;C:\Users\bodl\.m2\repository\org\springframework\security\spring-security-jwt\1.0.10.RELEASE\spring-security-jwt-1.0.10.RELEASE.jar;C:\Users\bodl\.m2\repository\org\bouncycastle\bcpkix-jdk15on\1.60\bcpkix-jdk15on-1.60.jar;C:\Users\bodl\.m2\repository\org\bouncycastle\bcprov-jdk15on\1.60\bcprov-jdk15on-1.60.jar;C:\Users\bodl\.m2\repository\org\glassfish\jaxb\jaxb-runtime\2.3.6\jaxb-runtime-2.3.6.jar;C:\Users\bodl\.m2\repository\org\glassfish\jaxb\txw2\2.3.6\txw2-2.3.6.jar;C:\Users\bodl\.m2\repository\com\sun\istack\istack-commons-runtime\3.0.12\istack-commons-runtime-3.0.12.jar;C:\Users\bodl\.m2\repository\com\sun\activation\jakarta.activation\1.2.2\jakarta.activation-1.2.2.jar;C:\Users\bodl\.m2\repository\org\springframework\boot\spring-boot-starter-security\2.6.7\spring-boot-starter-security-2.6.7.jar;C:\Users\bodl\.m2\repository\org\springframework\spring-aop\5.3.19\spring-aop-5.3.19.jar;C:\Users\bodl\.m2\repository\org\springframework\security\spring-security-core\5.6.3\spring-security-core-5.6.3.jar;C:\Users\bodl\.m2\repository\org\springframework\spring-beans\5.3.19\spring-beans-5.3.19.jar;C:\Users\bodl\.m2\repository\org\springframework\spring-expression\5.3.19\spring-expression-5.3.19.jar;C:\Users\bodl\.m2\repository\org\springframework\security\spring-security-web\5.6.3\spring-security-web-5.6.3.jar;C:\Users\bodl\.m2\repository\org\springframework\security\spring-security-config\5.6.3\spring-security-config-5.6.3.jar
Launcher Type: SUN_STANDARD

[Global flags]
     intx CICompilerCount                          = 4                                         {product} {ergonomic}
     uint ConcGCThreads                            = 2                                         {product} {ergonomic}
     uint G1ConcRefinementThreads                  = 8                                         {product} {ergonomic}
   size_t G1HeapRegionSize                         = 2097152                                   {product} {ergonomic}
    uintx GCDrainStackTargetSize                   = 64                                        {product} {ergonomic}
   size_t InitialHeapSize                          = 264241152                                 {product} {ergonomic}
     bool ManagementServer                         = true                                      {product} {command line}
   size_t MarkStackSize                            = 4194304                                   {product} {ergonomic}
   size_t MaxHeapSize                              = 4198498304                                {product} {ergonomic}
   size_t MaxNewSize                               = 2518679552                                {product} {ergonomic}
   size_t MinHeapDeltaBytes                        = 2097152                                   {product} {ergonomic}
   size_t MinHeapSize                              = 8388608                                   {product} {ergonomic}
    uintx NonProfiledCodeHeapSize                  = 0                                      {pd product} {ergonomic}
     bool ProfileInterpreter                       = false                                  {pd product} {command line}
    uintx ProfiledCodeHeapSize                     = 0                                      {pd product} {ergonomic}
   size_t SoftMaxHeapSize                          = 4198498304                             {manageable} {ergonomic}
     intx TieredStopAtLevel                        = 1                                         {product} {command line}
     bool UseCompressedClassPointers               = true                           {product lp64_product} {ergonomic}
     bool UseCompressedOops                        = true                           {product lp64_product} {ergonomic}
     bool UseG1GC                                  = true                                      {product} {ergonomic}
     bool UseLargePagesIndividualAllocation        = false                                  {pd product} {ergonomic}

Logging:
Log output configuration:
 #0: stdout all=warning uptime,level,tags foldmultilines=false
 #1: stderr all=off uptime,level,tags foldmultilines=false

Environment Variables:
JAVA_HOME=C:\Program Files\Java\jdk-18.0.2.1
PATH=C:/Program Files/Java/jre1.8.0_431/bin/server;C:/Program Files/Java/jre1.8.0_431/bin;C:/Program Files/Java/jre1.8.0_431/lib/amd64;C:\Program Files\Common Files\Oracle\Java\javapath;C:\Program Files (x86)\Common Files\Oracle\Java\java8path;C:\Program Files (x86)\Common Files\Oracle\Java\javapath;C:\Python311\Scripts\;C:\Python311\;C:\Windows\system32;C:\Windows;C:\Windows\System32\Wbem;C:\Windows\System32\WindowsPowerShell\v1.0\;C:\Windows\System32\OpenSSH\;C:\ProgramData\chocolatey\bin;c:;C:\Program Files\nodejs;C:\Program Files\nodejs;C:\Program Files\Amazon\AWSCLIV2\;c:;C:\Program Files\nodejs;C:\Program Files (x86)\gnupg\bin;C:\Program Files\Amazon\ECSCLI;C:\Program Files\nodejs\;C:\Program Files\Git\cmd;C:\Program Files\PuTTY\;C:\Program Files\Common Files\Oracle\Java\javapath;C:\Program Files (x86)\Common Files\Oracle\Java\java8path;C:\Program Files (x86)\Common Files\Oracle\Java\javapath;C:\Python311\Scripts\;C:\Python311\;C:\Windows\system32;C:\Windows;C:\Windows\System32\Wbem;C:\Windows\System32\WindowsPowerShell\v1.0\;C:\Windows\System32\OpenSSH\;C:\ProgramData\chocolatey\bin;c:;C:\Program Files\nodejs;C:\Program Files\nodejs;C:\Program Files\Amazon\AWSCLIV2\;c:;C:\Program Files\nodejs;C:\Program Files (x86)\gnupg\bin;C:\Program Files\Amazon\ECSCLI;C:\Program Files\nodejs\;C:\Program Files\Git\cmd;C:\Program Files\PuTTY\;C:\Program Files\Amazon\ECSCLI;C:\Users\bodl\AppData\Local\Programs\Microsoft VS Code\bin;C:\Users\bodl\AppData\Roaming\npm;;C:\Users\bodl\sts;
USERNAME=bodl
OS=Windows_NT
PROCESSOR_IDENTIFIER=Intel64 Family 6 Model 142 Stepping 12, GenuineIntel



---------------  S Y S T E M  ---------------

OS:
 Windows 10 , 64 bit Build 19041 (10.0.19041.5072)
OS uptime: 3 days 1:05 hours
Hyper-V role detected

CPU: total 8 (initial active 8) (4 cores per cpu, 2 threads per core) family 6 model 142 stepping 12 microcode 0xde, cx8, cmov, fxsr, ht, mmx, 3dnowpref, sse, sse2, sse3, ssse3, sse4.1, sse4.2, popcnt, lzcnt, tsc, tscinvbit, avx, avx2, aes, erms, clmul, bmi1, bmi2, adx, fma, vzeroupper, clflush, clflushopt, hv

Memory: 4k page, system-wide physical 16012M (3109M free)
TotalPageFile size 24716M (AvailPageFile size 6624M)
current process WorkingSet (physical memory assigned to process): 231M, peak: 231M
current process commit charge ("private bytes"): 271M, peak: 381M

vm_info: Java HotSpot(TM) 64-Bit Server VM (18.0.2.1+1-1) for windows-amd64 JRE (18.0.2.1+1-1), built on Aug 16 2022 01:46:33 by "mach5one" with MS VC++ 16.8 / 16.9 (VS2019)

END.
